   0  $accept : Program $end

   1  Program : ClassList

   2  ClassList : ClassList ClassDef
   3            | ClassDef

   4  VariableDef : Variable ';'

   5  Variable : Type IDENTIFIER

   6  Type : INT
   7       | VOID
   8       | BOOL
   9       | STRING
  10       | CLASS IDENTIFIER
  11       | Type '[' ']'
  12       | COMPLEX

  13  ClassDef : CLASS IDENTIFIER ExtendsClause '{' FieldList '}'

  14  ExtendsClause : EXTENDS IDENTIFIER
  15                |

  16  FieldList : FieldList VariableDef
  17            | FieldList FunctionDef
  18            |

  19  Formals : VariableList
  20          |

  21  VariableList : VariableList ',' Variable
  22               | Variable

  23  FunctionDef : STATIC Type IDENTIFIER '(' Formals ')' StmtBlock
  24              | Type IDENTIFIER '(' Formals ')' StmtBlock

  25  StmtBlock : '{' StmtList '}'

  26  StmtList : StmtList Stmt
  27           |

  28  Stmt : VariableDef
  29       | SimpleStmt ';'
  30       | IfStmt
  31       | WhileStmt
  32       | ForStmt
  33       | PrintCompStmt ';'
  34       | DoStmt ';'
  35       | ReturnStmt ';'
  36       | PrintStmt ';'
  37       | BreakStmt ';'
  38       | StmtBlock

  39  SimpleStmt : LValue '=' Expr
  40             | Call
  41             |

  42  Receiver : Expr '.'
  43           |

  44  LValue : Receiver IDENTIFIER
  45         | Expr '[' Expr ']'

  46  Call : Receiver IDENTIFIER '(' Actuals ')'

  47  Expr : LValue
  48       | Call
  49       | Constant
  50       | Expr '+' Expr
  51       | Expr '-' Expr
  52       | Expr '*' Expr
  53       | Expr '/' Expr
  54       | Expr '%' Expr
  55       | Expr EQUAL Expr
  56       | Expr NOT_EQUAL Expr
  57       | Expr '<' Expr
  58       | Expr '>' Expr
  59       | Expr LESS_EQUAL Expr
  60       | Expr GREATER_EQUAL Expr
  61       | Expr AND Expr
  62       | Expr OR Expr
  63       | '(' Expr ')'
  64       | '-' Expr
  65       | '!' Expr
  66       | '@' Expr
  67       | '$' Expr
  68       | '#' Expr
  69       | READ_INTEGER '(' ')'
  70       | READ_LINE '(' ')'
  71       | THIS
  72       | SUPER
  73       | NEW IDENTIFIER '(' ')'
  74       | NEW Type '[' Expr ']'
  75       | INSTANCEOF '(' Expr ',' IDENTIFIER ')'
  76       | '(' CLASS IDENTIFIER ')' Expr
  77       | CASE '(' Expr ')' '{' CaseStmtList DefaultStmt '}'
  78       | DCOPY '(' Expr ')'
  79       | SCOPY '(' Expr ')'

  80  CaseStmtList : CaseStmtList CaseStmt
  81               |

  82  CaseStmt : Constant ':' Expr ';'

  83  DefaultStmt : DEFAULT ':' Expr ';'

  84  Constant : LITERAL
  85           | NULL

  86  Actuals : ExprList
  87          |

  88  ExprList : ExprList ',' Expr
  89           | Expr

  90  PrintCompStmt : PRINTCOMP '(' ExprList ')'

  91  DoStmt : DO DoBranch OD

  92  DoBranch : DoBranch DOOD DoSubStmt
  93           | DoSubStmt

  94  DoSubStmt : Expr ':' Stmt

  95  WhileStmt : WHILE '(' Expr ')' Stmt

  96  ForStmt : FOR '(' SimpleStmt ';' Expr ';' SimpleStmt ')' Stmt

  97  BreakStmt : BREAK

  98  IfStmt : IF '(' Expr ')' Stmt ElseClause

  99  ElseClause : ELSE Stmt
 100             |

 101  ReturnStmt : RETURN Expr
 102             | RETURN

 103  PrintStmt : PRINT '(' ExprList ')'

state 0
	$accept : . Program $end  (0)

	CLASS  shift 1
	.  error

	Program  goto 2
	ClassList  goto 3
	ClassDef  goto 4


state 1
	ClassDef : CLASS . IDENTIFIER ExtendsClause '{' FieldList '}'  (13)

	IDENTIFIER  shift 5
	.  error


state 2
	$accept : Program . $end  (0)

	$end  accept


state 3
	Program : ClassList .  (1)
	ClassList : ClassList . ClassDef  (2)

	CLASS  shift 1
	$end  reduce 1

	ClassDef  goto 6


state 4
	ClassList : ClassDef .  (3)

	.  reduce 3


state 5
	ClassDef : CLASS IDENTIFIER . ExtendsClause '{' FieldList '}'  (13)
	ExtendsClause : .  (15)

	EXTENDS  shift 7
	'{'  reduce 15

	ExtendsClause  goto 8


state 6
	ClassList : ClassList ClassDef .  (2)

	.  reduce 2


state 7
	ExtendsClause : EXTENDS . IDENTIFIER  (14)

	IDENTIFIER  shift 9
	.  error


state 8
	ClassDef : CLASS IDENTIFIER ExtendsClause . '{' FieldList '}'  (13)

	'{'  shift 10
	.  error


state 9
	ExtendsClause : EXTENDS IDENTIFIER .  (14)

	.  reduce 14


state 10
	ClassDef : CLASS IDENTIFIER ExtendsClause '{' . FieldList '}'  (13)
	FieldList : .  (18)

	.  reduce 18

	FieldList  goto 11


state 11
	ClassDef : CLASS IDENTIFIER ExtendsClause '{' FieldList . '}'  (13)
	FieldList : FieldList . VariableDef  (16)
	FieldList : FieldList . FunctionDef  (17)

	VOID  shift 12
	BOOL  shift 13
	INT  shift 14
	STRING  shift 15
	CLASS  shift 16
	COMPLEX  shift 17
	STATIC  shift 18
	'}'  shift 19
	.  error

	VariableDef  goto 20
	Variable  goto 21
	Type  goto 22
	FunctionDef  goto 23


state 12
	Type : VOID .  (7)

	.  reduce 7


state 13
	Type : BOOL .  (8)

	.  reduce 8


state 14
	Type : INT .  (6)

	.  reduce 6


state 15
	Type : STRING .  (9)

	.  reduce 9


state 16
	Type : CLASS . IDENTIFIER  (10)

	IDENTIFIER  shift 24
	.  error


state 17
	Type : COMPLEX .  (12)

	.  reduce 12


state 18
	FunctionDef : STATIC . Type IDENTIFIER '(' Formals ')' StmtBlock  (23)

	VOID  shift 12
	BOOL  shift 13
	INT  shift 14
	STRING  shift 15
	CLASS  shift 16
	COMPLEX  shift 17
	.  error

	Type  goto 25


state 19
	ClassDef : CLASS IDENTIFIER ExtendsClause '{' FieldList '}' .  (13)

	.  reduce 13


state 20
	FieldList : FieldList VariableDef .  (16)

	.  reduce 16


state 21
	VariableDef : Variable . ';'  (4)

	';'  shift 26
	.  error


state 22
	Variable : Type . IDENTIFIER  (5)
	Type : Type . '[' ']'  (11)
	FunctionDef : Type . IDENTIFIER '(' Formals ')' StmtBlock  (24)

	IDENTIFIER  shift 27
	'['  shift 28
	.  error


state 23
	FieldList : FieldList FunctionDef .  (17)

	.  reduce 17


state 24
	Type : CLASS IDENTIFIER .  (10)

	.  reduce 10


state 25
	Type : Type . '[' ']'  (11)
	FunctionDef : STATIC Type . IDENTIFIER '(' Formals ')' StmtBlock  (23)

	IDENTIFIER  shift 29
	'['  shift 28
	.  error


state 26
	VariableDef : Variable ';' .  (4)

	.  reduce 4


state 27
	Variable : Type IDENTIFIER .  (5)
	FunctionDef : Type IDENTIFIER . '(' Formals ')' StmtBlock  (24)

	'('  shift 30
	';'  reduce 5


state 28
	Type : Type '[' . ']'  (11)

	']'  shift 31
	.  error


state 29
	FunctionDef : STATIC Type IDENTIFIER . '(' Formals ')' StmtBlock  (23)

	'('  shift 32
	.  error


state 30
	FunctionDef : Type IDENTIFIER '(' . Formals ')' StmtBlock  (24)
	Formals : .  (20)

	VOID  shift 12
	BOOL  shift 13
	INT  shift 14
	STRING  shift 15
	CLASS  shift 16
	COMPLEX  shift 17
	')'  reduce 20

	Variable  goto 33
	Type  goto 34
	Formals  goto 35
	VariableList  goto 36


state 31
	Type : Type '[' ']' .  (11)

	.  reduce 11


state 32
	FunctionDef : STATIC Type IDENTIFIER '(' . Formals ')' StmtBlock  (23)
	Formals : .  (20)

	VOID  shift 12
	BOOL  shift 13
	INT  shift 14
	STRING  shift 15
	CLASS  shift 16
	COMPLEX  shift 17
	')'  reduce 20

	Variable  goto 33
	Type  goto 34
	Formals  goto 37
	VariableList  goto 36


state 33
	VariableList : Variable .  (22)

	.  reduce 22


state 34
	Variable : Type . IDENTIFIER  (5)
	Type : Type . '[' ']'  (11)

	IDENTIFIER  shift 38
	'['  shift 28
	.  error


state 35
	FunctionDef : Type IDENTIFIER '(' Formals . ')' StmtBlock  (24)

	')'  shift 39
	.  error


state 36
	Formals : VariableList .  (19)
	VariableList : VariableList . ',' Variable  (21)

	','  shift 40
	')'  reduce 19


state 37
	FunctionDef : STATIC Type IDENTIFIER '(' Formals . ')' StmtBlock  (23)

	')'  shift 41
	.  error


state 38
	Variable : Type IDENTIFIER .  (5)

	.  reduce 5


state 39
	FunctionDef : Type IDENTIFIER '(' Formals ')' . StmtBlock  (24)

	'{'  shift 42
	.  error

	StmtBlock  goto 43


state 40
	VariableList : VariableList ',' . Variable  (21)

	VOID  shift 12
	BOOL  shift 13
	INT  shift 14
	STRING  shift 15
	CLASS  shift 16
	COMPLEX  shift 17
	.  error

	Variable  goto 44
	Type  goto 34


state 41
	FunctionDef : STATIC Type IDENTIFIER '(' Formals ')' . StmtBlock  (23)

	'{'  shift 42
	.  error

	StmtBlock  goto 45


state 42
	StmtBlock : '{' . StmtList '}'  (25)
	StmtList : .  (27)

	.  reduce 27

	StmtList  goto 46


state 43
	FunctionDef : Type IDENTIFIER '(' Formals ')' StmtBlock .  (24)

	.  reduce 24


state 44
	VariableList : VariableList ',' Variable .  (21)

	.  reduce 21


state 45
	FunctionDef : STATIC Type IDENTIFIER '(' Formals ')' StmtBlock .  (23)

	.  reduce 23


state 46
	StmtBlock : '{' StmtList . '}'  (25)
	StmtList : StmtList . Stmt  (26)
	SimpleStmt : .  (41)
	Receiver : .  (43)

	VOID  shift 12
	BOOL  shift 13
	INT  shift 14
	STRING  shift 15
	CLASS  shift 16
	COMPLEX  shift 17
	NULL  shift 47
	THIS  shift 48
	WHILE  shift 49
	FOR  shift 50
	SUPER  shift 51
	IF  shift 52
	RETURN  shift 53
	BREAK  shift 54
	NEW  shift 55
	PRINT  shift 56
	READ_INTEGER  shift 57
	READ_LINE  shift 58
	CASE  shift 59
	DO  shift 60
	PRINTCOMP  shift 61
	SCOPY  shift 62
	DCOPY  shift 63
	LITERAL  shift 64
	INSTANCEOF  shift 65
	'-'  shift 66
	'@'  shift 67
	'#'  shift 68
	'$'  shift 69
	'!'  shift 70
	'('  shift 71
	'{'  shift 42
	'}'  shift 72
	IDENTIFIER  reduce 43
	';'  reduce 41

	VariableDef  goto 73
	Variable  goto 21
	Type  goto 34
	StmtBlock  goto 74
	Stmt  goto 75
	SimpleStmt  goto 76
	IfStmt  goto 77
	WhileStmt  goto 78
	ForStmt  goto 79
	PrintCompStmt  goto 80
	DoStmt  goto 81
	ReturnStmt  goto 82
	PrintStmt  goto 83
	BreakStmt  goto 84
	LValue  goto 85
	Expr  goto 86
	Call  goto 87
	Receiver  goto 88
	Constant  goto 89


state 47
	Constant : NULL .  (85)

	.  reduce 85


state 48
	Expr : THIS .  (71)

	.  reduce 71


state 49
	WhileStmt : WHILE . '(' Expr ')' Stmt  (95)

	'('  shift 90
	.  error


state 50
	ForStmt : FOR . '(' SimpleStmt ';' Expr ';' SimpleStmt ')' Stmt  (96)

	'('  shift 91
	.  error


state 51
	Expr : SUPER .  (72)

	.  reduce 72


state 52
	IfStmt : IF . '(' Expr ')' Stmt ElseClause  (98)

	'('  shift 92
	.  error


state 53
	ReturnStmt : RETURN . Expr  (101)
	ReturnStmt : RETURN .  (102)
	Receiver : .  (43)

	NULL  shift 47
	THIS  shift 48
	SUPER  shift 51
	NEW  shift 55
	READ_INTEGER  shift 57
	READ_LINE  shift 58
	CASE  shift 59
	SCOPY  shift 62
	DCOPY  shift 63
	LITERAL  shift 64
	INSTANCEOF  shift 65
	'-'  shift 66
	'@'  shift 67
	'#'  shift 68
	'$'  shift 69
	'!'  shift 70
	'('  shift 71
	IDENTIFIER  reduce 43
	';'  reduce 102

	LValue  goto 93
	Expr  goto 94
	Call  goto 95
	Receiver  goto 88
	Constant  goto 89


state 54
	BreakStmt : BREAK .  (97)

	.  reduce 97


state 55
	Expr : NEW . IDENTIFIER '(' ')'  (73)
	Expr : NEW . Type '[' Expr ']'  (74)

	VOID  shift 12
	BOOL  shift 13
	INT  shift 14
	STRING  shift 15
	CLASS  shift 16
	COMPLEX  shift 17
	IDENTIFIER  shift 96
	.  error

	Type  goto 97


state 56
	PrintStmt : PRINT . '(' ExprList ')'  (103)

	'('  shift 98
	.  error


state 57
	Expr : READ_INTEGER . '(' ')'  (69)

	'('  shift 99
	.  error


state 58
	Expr : READ_LINE . '(' ')'  (70)

	'('  shift 100
	.  error


state 59
	Expr : CASE . '(' Expr ')' '{' CaseStmtList DefaultStmt '}'  (77)

	'('  shift 101
	.  error


state 60
	DoStmt : DO . DoBranch OD  (91)
	Receiver : .  (43)

	NULL  shift 47
	THIS  shift 48
	SUPER  shift 51
	NEW  shift 55
	READ_INTEGER  shift 57
	READ_LINE  shift 58
	CASE  shift 59
	SCOPY  shift 62
	DCOPY  shift 63
	LITERAL  shift 64
	INSTANCEOF  shift 65
	'-'  shift 66
	'@'  shift 67
	'#'  shift 68
	'$'  shift 69
	'!'  shift 70
	'('  shift 71
	IDENTIFIER  reduce 43

	LValue  goto 93
	Expr  goto 102
	Call  goto 95
	Receiver  goto 88
	Constant  goto 89
	DoBranch  goto 103
	DoSubStmt  goto 104


state 61
	PrintCompStmt : PRINTCOMP . '(' ExprList ')'  (90)

	'('  shift 105
	.  error


state 62
	Expr : SCOPY . '(' Expr ')'  (79)

	'('  shift 106
	.  error


state 63
	Expr : DCOPY . '(' Expr ')'  (78)

	'('  shift 107
	.  error


state 64
	Constant : LITERAL .  (84)

	.  reduce 84


state 65
	Expr : INSTANCEOF . '(' Expr ',' IDENTIFIER ')'  (75)

	'('  shift 108
	.  error


state 66
	Expr : '-' . Expr  (64)
	Receiver : .  (43)

	NULL  shift 47
	THIS  shift 48
	SUPER  shift 51
	NEW  shift 55
	READ_INTEGER  shift 57
	READ_LINE  shift 58
	CASE  shift 59
	SCOPY  shift 62
	DCOPY  shift 63
	LITERAL  shift 64
	INSTANCEOF  shift 65
	'-'  shift 66
	'@'  shift 67
	'#'  shift 68
	'$'  shift 69
	'!'  shift 70
	'('  shift 71
	IDENTIFIER  reduce 43

	LValue  goto 93
	Expr  goto 109
	Call  goto 95
	Receiver  goto 88
	Constant  goto 89


state 67
	Expr : '@' . Expr  (66)
	Receiver : .  (43)

	NULL  shift 47
	THIS  shift 48
	SUPER  shift 51
	NEW  shift 55
	READ_INTEGER  shift 57
	READ_LINE  shift 58
	CASE  shift 59
	SCOPY  shift 62
	DCOPY  shift 63
	LITERAL  shift 64
	INSTANCEOF  shift 65
	'-'  shift 66
	'@'  shift 67
	'#'  shift 68
	'$'  shift 69
	'!'  shift 70
	'('  shift 71
	IDENTIFIER  reduce 43

	LValue  goto 93
	Expr  goto 110
	Call  goto 95
	Receiver  goto 88
	Constant  goto 89


state 68
	Expr : '#' . Expr  (68)
	Receiver : .  (43)

	NULL  shift 47
	THIS  shift 48
	SUPER  shift 51
	NEW  shift 55
	READ_INTEGER  shift 57
	READ_LINE  shift 58
	CASE  shift 59
	SCOPY  shift 62
	DCOPY  shift 63
	LITERAL  shift 64
	INSTANCEOF  shift 65
	'-'  shift 66
	'@'  shift 67
	'#'  shift 68
	'$'  shift 69
	'!'  shift 70
	'('  shift 71
	IDENTIFIER  reduce 43

	LValue  goto 93
	Expr  goto 111
	Call  goto 95
	Receiver  goto 88
	Constant  goto 89


state 69
	Expr : '$' . Expr  (67)
	Receiver : .  (43)

	NULL  shift 47
	THIS  shift 48
	SUPER  shift 51
	NEW  shift 55
	READ_INTEGER  shift 57
	READ_LINE  shift 58
	CASE  shift 59
	SCOPY  shift 62
	DCOPY  shift 63
	LITERAL  shift 64
	INSTANCEOF  shift 65
	'-'  shift 66
	'@'  shift 67
	'#'  shift 68
	'$'  shift 69
	'!'  shift 70
	'('  shift 71
	IDENTIFIER  reduce 43

	LValue  goto 93
	Expr  goto 112
	Call  goto 95
	Receiver  goto 88
	Constant  goto 89


state 70
	Expr : '!' . Expr  (65)
	Receiver : .  (43)

	NULL  shift 47
	THIS  shift 48
	SUPER  shift 51
	NEW  shift 55
	READ_INTEGER  shift 57
	READ_LINE  shift 58
	CASE  shift 59
	SCOPY  shift 62
	DCOPY  shift 63
	LITERAL  shift 64
	INSTANCEOF  shift 65
	'-'  shift 66
	'@'  shift 67
	'#'  shift 68
	'$'  shift 69
	'!'  shift 70
	'('  shift 71
	IDENTIFIER  reduce 43

	LValue  goto 93
	Expr  goto 113
	Call  goto 95
	Receiver  goto 88
	Constant  goto 89


state 71
	Expr : '(' . Expr ')'  (63)
	Expr : '(' . CLASS IDENTIFIER ')' Expr  (76)
	Receiver : .  (43)

	CLASS  shift 114
	NULL  shift 47
	THIS  shift 48
	SUPER  shift 51
	NEW  shift 55
	READ_INTEGER  shift 57
	READ_LINE  shift 58
	CASE  shift 59
	SCOPY  shift 62
	DCOPY  shift 63
	LITERAL  shift 64
	INSTANCEOF  shift 65
	'-'  shift 66
	'@'  shift 67
	'#'  shift 68
	'$'  shift 69
	'!'  shift 70
	'('  shift 71
	IDENTIFIER  reduce 43

	LValue  goto 93
	Expr  goto 115
	Call  goto 95
	Receiver  goto 88
	Constant  goto 89


state 72
	StmtBlock : '{' StmtList '}' .  (25)

	.  reduce 25


state 73
	Stmt : VariableDef .  (28)

	.  reduce 28


state 74
	Stmt : StmtBlock .  (38)

	.  reduce 38


state 75
	StmtList : StmtList Stmt .  (26)

	.  reduce 26


state 76
	Stmt : SimpleStmt . ';'  (29)

	';'  shift 116
	.  error


state 77
	Stmt : IfStmt .  (30)

	.  reduce 30


state 78
	Stmt : WhileStmt .  (31)

	.  reduce 31


state 79
	Stmt : ForStmt .  (32)

	.  reduce 32


state 80
	Stmt : PrintCompStmt . ';'  (33)

	';'  shift 117
	.  error


state 81
	Stmt : DoStmt . ';'  (34)

	';'  shift 118
	.  error


state 82
	Stmt : ReturnStmt . ';'  (35)

	';'  shift 119
	.  error


state 83
	Stmt : PrintStmt . ';'  (36)

	';'  shift 120
	.  error


state 84
	Stmt : BreakStmt . ';'  (37)

	';'  shift 121
	.  error


state 85
	SimpleStmt : LValue . '=' Expr  (39)
	Expr : LValue .  (47)

	'='  shift 122
	AND  reduce 47
	OR  reduce 47
	LESS_EQUAL  reduce 47
	GREATER_EQUAL  reduce 47
	EQUAL  reduce 47
	NOT_EQUAL  reduce 47
	'+'  reduce 47
	'-'  reduce 47
	'*'  reduce 47
	'/'  reduce 47
	'%'  reduce 47
	'>'  reduce 47
	'<'  reduce 47
	'.'  reduce 47
	'['  reduce 47


state 86
	Receiver : Expr . '.'  (42)
	LValue : Expr . '[' Expr ']'  (45)
	Expr : Expr . '+' Expr  (50)
	Expr : Expr . '-' Expr  (51)
	Expr : Expr . '*' Expr  (52)
	Expr : Expr . '/' Expr  (53)
	Expr : Expr . '%' Expr  (54)
	Expr : Expr . EQUAL Expr  (55)
	Expr : Expr . NOT_EQUAL Expr  (56)
	Expr : Expr . '<' Expr  (57)
	Expr : Expr . '>' Expr  (58)
	Expr : Expr . LESS_EQUAL Expr  (59)
	Expr : Expr . GREATER_EQUAL Expr  (60)
	Expr : Expr . AND Expr  (61)
	Expr : Expr . OR Expr  (62)

	AND  shift 123
	OR  shift 124
	LESS_EQUAL  shift 125
	GREATER_EQUAL  shift 126
	EQUAL  shift 127
	NOT_EQUAL  shift 128
	'+'  shift 129
	'-'  shift 130
	'*'  shift 131
	'/'  shift 132
	'%'  shift 133
	'>'  shift 134
	'<'  shift 135
	'.'  shift 136
	'['  shift 137
	.  error


state 87
	SimpleStmt : Call .  (40)
	Expr : Call .  (48)

	AND  reduce 48
	OR  reduce 48
	LESS_EQUAL  reduce 48
	GREATER_EQUAL  reduce 48
	EQUAL  reduce 48
	NOT_EQUAL  reduce 48
	'+'  reduce 48
	'-'  reduce 48
	'*'  reduce 48
	'/'  reduce 48
	'%'  reduce 48
	'>'  reduce 48
	'<'  reduce 48
	'.'  reduce 48
	';'  reduce 40
	')'  reduce 40
	'['  reduce 48


state 88
	LValue : Receiver . IDENTIFIER  (44)
	Call : Receiver . IDENTIFIER '(' Actuals ')'  (46)

	IDENTIFIER  shift 138
	.  error


state 89
	Expr : Constant .  (49)

	.  reduce 49


state 90
	WhileStmt : WHILE '(' . Expr ')' Stmt  (95)
	Receiver : .  (43)

	NULL  shift 47
	THIS  shift 48
	SUPER  shift 51
	NEW  shift 55
	READ_INTEGER  shift 57
	READ_LINE  shift 58
	CASE  shift 59
	SCOPY  shift 62
	DCOPY  shift 63
	LITERAL  shift 64
	INSTANCEOF  shift 65
	'-'  shift 66
	'@'  shift 67
	'#'  shift 68
	'$'  shift 69
	'!'  shift 70
	'('  shift 71
	IDENTIFIER  reduce 43

	LValue  goto 93
	Expr  goto 139
	Call  goto 95
	Receiver  goto 88
	Constant  goto 89


state 91
	ForStmt : FOR '(' . SimpleStmt ';' Expr ';' SimpleStmt ')' Stmt  (96)
	SimpleStmt : .  (41)
	Receiver : .  (43)

	NULL  shift 47
	THIS  shift 48
	SUPER  shift 51
	NEW  shift 55
	READ_INTEGER  shift 57
	READ_LINE  shift 58
	CASE  shift 59
	SCOPY  shift 62
	DCOPY  shift 63
	LITERAL  shift 64
	INSTANCEOF  shift 65
	'-'  shift 66
	'@'  shift 67
	'#'  shift 68
	'$'  shift 69
	'!'  shift 70
	'('  shift 71
	IDENTIFIER  reduce 43
	';'  reduce 41

	SimpleStmt  goto 140
	LValue  goto 85
	Expr  goto 86
	Call  goto 87
	Receiver  goto 88
	Constant  goto 89


state 92
	IfStmt : IF '(' . Expr ')' Stmt ElseClause  (98)
	Receiver : .  (43)

	NULL  shift 47
	THIS  shift 48
	SUPER  shift 51
	NEW  shift 55
	READ_INTEGER  shift 57
	READ_LINE  shift 58
	CASE  shift 59
	SCOPY  shift 62
	DCOPY  shift 63
	LITERAL  shift 64
	INSTANCEOF  shift 65
	'-'  shift 66
	'@'  shift 67
	'#'  shift 68
	'$'  shift 69
	'!'  shift 70
	'('  shift 71
	IDENTIFIER  reduce 43

	LValue  goto 93
	Expr  goto 141
	Call  goto 95
	Receiver  goto 88
	Constant  goto 89


state 93
	Expr : LValue .  (47)

	.  reduce 47


state 94
	Receiver : Expr . '.'  (42)
	LValue : Expr . '[' Expr ']'  (45)
	Expr : Expr . '+' Expr  (50)
	Expr : Expr . '-' Expr  (51)
	Expr : Expr . '*' Expr  (52)
	Expr : Expr . '/' Expr  (53)
	Expr : Expr . '%' Expr  (54)
	Expr : Expr . EQUAL Expr  (55)
	Expr : Expr . NOT_EQUAL Expr  (56)
	Expr : Expr . '<' Expr  (57)
	Expr : Expr . '>' Expr  (58)
	Expr : Expr . LESS_EQUAL Expr  (59)
	Expr : Expr . GREATER_EQUAL Expr  (60)
	Expr : Expr . AND Expr  (61)
	Expr : Expr . OR Expr  (62)
	ReturnStmt : RETURN Expr .  (101)

	AND  shift 123
	OR  shift 124
	LESS_EQUAL  shift 125
	GREATER_EQUAL  shift 126
	EQUAL  shift 127
	NOT_EQUAL  shift 128
	'+'  shift 129
	'-'  shift 130
	'*'  shift 131
	'/'  shift 132
	'%'  shift 133
	'>'  shift 134
	'<'  shift 135
	'.'  shift 136
	'['  shift 137
	';'  reduce 101


state 95
	Expr : Call .  (48)

	.  reduce 48


state 96
	Expr : NEW IDENTIFIER . '(' ')'  (73)

	'('  shift 142
	.  error


state 97
	Type : Type . '[' ']'  (11)
	Expr : NEW Type . '[' Expr ']'  (74)

	'['  shift 143
	.  error


state 98
	PrintStmt : PRINT '(' . ExprList ')'  (103)
	Receiver : .  (43)

	NULL  shift 47
	THIS  shift 48
	SUPER  shift 51
	NEW  shift 55
	READ_INTEGER  shift 57
	READ_LINE  shift 58
	CASE  shift 59
	SCOPY  shift 62
	DCOPY  shift 63
	LITERAL  shift 64
	INSTANCEOF  shift 65
	'-'  shift 66
	'@'  shift 67
	'#'  shift 68
	'$'  shift 69
	'!'  shift 70
	'('  shift 71
	IDENTIFIER  reduce 43

	LValue  goto 93
	Expr  goto 144
	Call  goto 95
	Receiver  goto 88
	Constant  goto 89
	ExprList  goto 145


state 99
	Expr : READ_INTEGER '(' . ')'  (69)

	')'  shift 146
	.  error


state 100
	Expr : READ_LINE '(' . ')'  (70)

	')'  shift 147
	.  error


state 101
	Expr : CASE '(' . Expr ')' '{' CaseStmtList DefaultStmt '}'  (77)
	Receiver : .  (43)

	NULL  shift 47
	THIS  shift 48
	SUPER  shift 51
	NEW  shift 55
	READ_INTEGER  shift 57
	READ_LINE  shift 58
	CASE  shift 59
	SCOPY  shift 62
	DCOPY  shift 63
	LITERAL  shift 64
	INSTANCEOF  shift 65
	'-'  shift 66
	'@'  shift 67
	'#'  shift 68
	'$'  shift 69
	'!'  shift 70
	'('  shift 71
	IDENTIFIER  reduce 43

	LValue  goto 93
	Expr  goto 148
	Call  goto 95
	Receiver  goto 88
	Constant  goto 89


state 102
	Receiver : Expr . '.'  (42)
	LValue : Expr . '[' Expr ']'  (45)
	Expr : Expr . '+' Expr  (50)
	Expr : Expr . '-' Expr  (51)
	Expr : Expr . '*' Expr  (52)
	Expr : Expr . '/' Expr  (53)
	Expr : Expr . '%' Expr  (54)
	Expr : Expr . EQUAL Expr  (55)
	Expr : Expr . NOT_EQUAL Expr  (56)
	Expr : Expr . '<' Expr  (57)
	Expr : Expr . '>' Expr  (58)
	Expr : Expr . LESS_EQUAL Expr  (59)
	Expr : Expr . GREATER_EQUAL Expr  (60)
	Expr : Expr . AND Expr  (61)
	Expr : Expr . OR Expr  (62)
	DoSubStmt : Expr . ':' Stmt  (94)

	AND  shift 123
	OR  shift 124
	LESS_EQUAL  shift 125
	GREATER_EQUAL  shift 126
	EQUAL  shift 127
	NOT_EQUAL  shift 128
	'+'  shift 129
	'-'  shift 130
	'*'  shift 131
	'/'  shift 132
	'%'  shift 133
	'>'  shift 134
	'<'  shift 135
	'.'  shift 136
	'['  shift 137
	':'  shift 149
	.  error


state 103
	DoStmt : DO DoBranch . OD  (91)
	DoBranch : DoBranch . DOOD DoSubStmt  (92)

	DOOD  shift 150
	OD  shift 151
	.  error


state 104
	DoBranch : DoSubStmt .  (93)

	.  reduce 93


state 105
	PrintCompStmt : PRINTCOMP '(' . ExprList ')'  (90)
	Receiver : .  (43)

	NULL  shift 47
	THIS  shift 48
	SUPER  shift 51
	NEW  shift 55
	READ_INTEGER  shift 57
	READ_LINE  shift 58
	CASE  shift 59
	SCOPY  shift 62
	DCOPY  shift 63
	LITERAL  shift 64
	INSTANCEOF  shift 65
	'-'  shift 66
	'@'  shift 67
	'#'  shift 68
	'$'  shift 69
	'!'  shift 70
	'('  shift 71
	IDENTIFIER  reduce 43

	LValue  goto 93
	Expr  goto 144
	Call  goto 95
	Receiver  goto 88
	Constant  goto 89
	ExprList  goto 152


state 106
	Expr : SCOPY '(' . Expr ')'  (79)
	Receiver : .  (43)

	NULL  shift 47
	THIS  shift 48
	SUPER  shift 51
	NEW  shift 55
	READ_INTEGER  shift 57
	READ_LINE  shift 58
	CASE  shift 59
	SCOPY  shift 62
	DCOPY  shift 63
	LITERAL  shift 64
	INSTANCEOF  shift 65
	'-'  shift 66
	'@'  shift 67
	'#'  shift 68
	'$'  shift 69
	'!'  shift 70
	'('  shift 71
	IDENTIFIER  reduce 43

	LValue  goto 93
	Expr  goto 153
	Call  goto 95
	Receiver  goto 88
	Constant  goto 89


state 107
	Expr : DCOPY '(' . Expr ')'  (78)
	Receiver : .  (43)

	NULL  shift 47
	THIS  shift 48
	SUPER  shift 51
	NEW  shift 55
	READ_INTEGER  shift 57
	READ_LINE  shift 58
	CASE  shift 59
	SCOPY  shift 62
	DCOPY  shift 63
	LITERAL  shift 64
	INSTANCEOF  shift 65
	'-'  shift 66
	'@'  shift 67
	'#'  shift 68
	'$'  shift 69
	'!'  shift 70
	'('  shift 71
	IDENTIFIER  reduce 43

	LValue  goto 93
	Expr  goto 154
	Call  goto 95
	Receiver  goto 88
	Constant  goto 89


state 108
	Expr : INSTANCEOF '(' . Expr ',' IDENTIFIER ')'  (75)
	Receiver : .  (43)

	NULL  shift 47
	THIS  shift 48
	SUPER  shift 51
	NEW  shift 55
	READ_INTEGER  shift 57
	READ_LINE  shift 58
	CASE  shift 59
	SCOPY  shift 62
	DCOPY  shift 63
	LITERAL  shift 64
	INSTANCEOF  shift 65
	'-'  shift 66
	'@'  shift 67
	'#'  shift 68
	'$'  shift 69
	'!'  shift 70
	'('  shift 71
	IDENTIFIER  reduce 43

	LValue  goto 93
	Expr  goto 155
	Call  goto 95
	Receiver  goto 88
	Constant  goto 89


state 109
	Receiver : Expr . '.'  (42)
	LValue : Expr . '[' Expr ']'  (45)
	Expr : Expr . '+' Expr  (50)
	Expr : Expr . '-' Expr  (51)
	Expr : Expr . '*' Expr  (52)
	Expr : Expr . '/' Expr  (53)
	Expr : Expr . '%' Expr  (54)
	Expr : Expr . EQUAL Expr  (55)
	Expr : Expr . NOT_EQUAL Expr  (56)
	Expr : Expr . '<' Expr  (57)
	Expr : Expr . '>' Expr  (58)
	Expr : Expr . LESS_EQUAL Expr  (59)
	Expr : Expr . GREATER_EQUAL Expr  (60)
	Expr : Expr . AND Expr  (61)
	Expr : Expr . OR Expr  (62)
	Expr : '-' Expr .  (64)

	'.'  shift 136
	'['  shift 137
	AND  reduce 64
	OR  reduce 64
	LESS_EQUAL  reduce 64
	GREATER_EQUAL  reduce 64
	EQUAL  reduce 64
	NOT_EQUAL  reduce 64
	'+'  reduce 64
	'-'  reduce 64
	'*'  reduce 64
	'/'  reduce 64
	'%'  reduce 64
	'>'  reduce 64
	'<'  reduce 64
	','  reduce 64
	';'  reduce 64
	')'  reduce 64
	']'  reduce 64
	':'  reduce 64


state 110
	Receiver : Expr . '.'  (42)
	LValue : Expr . '[' Expr ']'  (45)
	Expr : Expr . '+' Expr  (50)
	Expr : Expr . '-' Expr  (51)
	Expr : Expr . '*' Expr  (52)
	Expr : Expr . '/' Expr  (53)
	Expr : Expr . '%' Expr  (54)
	Expr : Expr . EQUAL Expr  (55)
	Expr : Expr . NOT_EQUAL Expr  (56)
	Expr : Expr . '<' Expr  (57)
	Expr : Expr . '>' Expr  (58)
	Expr : Expr . LESS_EQUAL Expr  (59)
	Expr : Expr . GREATER_EQUAL Expr  (60)
	Expr : Expr . AND Expr  (61)
	Expr : Expr . OR Expr  (62)
	Expr : '@' Expr .  (66)

	.  reduce 66


state 111
	Receiver : Expr . '.'  (42)
	LValue : Expr . '[' Expr ']'  (45)
	Expr : Expr . '+' Expr  (50)
	Expr : Expr . '-' Expr  (51)
	Expr : Expr . '*' Expr  (52)
	Expr : Expr . '/' Expr  (53)
	Expr : Expr . '%' Expr  (54)
	Expr : Expr . EQUAL Expr  (55)
	Expr : Expr . NOT_EQUAL Expr  (56)
	Expr : Expr . '<' Expr  (57)
	Expr : Expr . '>' Expr  (58)
	Expr : Expr . LESS_EQUAL Expr  (59)
	Expr : Expr . GREATER_EQUAL Expr  (60)
	Expr : Expr . AND Expr  (61)
	Expr : Expr . OR Expr  (62)
	Expr : '#' Expr .  (68)

	.  reduce 68


state 112
	Receiver : Expr . '.'  (42)
	LValue : Expr . '[' Expr ']'  (45)
	Expr : Expr . '+' Expr  (50)
	Expr : Expr . '-' Expr  (51)
	Expr : Expr . '*' Expr  (52)
	Expr : Expr . '/' Expr  (53)
	Expr : Expr . '%' Expr  (54)
	Expr : Expr . EQUAL Expr  (55)
	Expr : Expr . NOT_EQUAL Expr  (56)
	Expr : Expr . '<' Expr  (57)
	Expr : Expr . '>' Expr  (58)
	Expr : Expr . LESS_EQUAL Expr  (59)
	Expr : Expr . GREATER_EQUAL Expr  (60)
	Expr : Expr . AND Expr  (61)
	Expr : Expr . OR Expr  (62)
	Expr : '$' Expr .  (67)

	.  reduce 67


state 113
	Receiver : Expr . '.'  (42)
	LValue : Expr . '[' Expr ']'  (45)
	Expr : Expr . '+' Expr  (50)
	Expr : Expr . '-' Expr  (51)
	Expr : Expr . '*' Expr  (52)
	Expr : Expr . '/' Expr  (53)
	Expr : Expr . '%' Expr  (54)
	Expr : Expr . EQUAL Expr  (55)
	Expr : Expr . NOT_EQUAL Expr  (56)
	Expr : Expr . '<' Expr  (57)
	Expr : Expr . '>' Expr  (58)
	Expr : Expr . LESS_EQUAL Expr  (59)
	Expr : Expr . GREATER_EQUAL Expr  (60)
	Expr : Expr . AND Expr  (61)
	Expr : Expr . OR Expr  (62)
	Expr : '!' Expr .  (65)

	'.'  shift 136
	'['  shift 137
	AND  reduce 65
	OR  reduce 65
	LESS_EQUAL  reduce 65
	GREATER_EQUAL  reduce 65
	EQUAL  reduce 65
	NOT_EQUAL  reduce 65
	'+'  reduce 65
	'-'  reduce 65
	'*'  reduce 65
	'/'  reduce 65
	'%'  reduce 65
	'>'  reduce 65
	'<'  reduce 65
	','  reduce 65
	';'  reduce 65
	')'  reduce 65
	']'  reduce 65
	':'  reduce 65


state 114
	Expr : '(' CLASS . IDENTIFIER ')' Expr  (76)

	IDENTIFIER  shift 156
	.  error


state 115
	Receiver : Expr . '.'  (42)
	LValue : Expr . '[' Expr ']'  (45)
	Expr : Expr . '+' Expr  (50)
	Expr : Expr . '-' Expr  (51)
	Expr : Expr . '*' Expr  (52)
	Expr : Expr . '/' Expr  (53)
	Expr : Expr . '%' Expr  (54)
	Expr : Expr . EQUAL Expr  (55)
	Expr : Expr . NOT_EQUAL Expr  (56)
	Expr : Expr . '<' Expr  (57)
	Expr : Expr . '>' Expr  (58)
	Expr : Expr . LESS_EQUAL Expr  (59)
	Expr : Expr . GREATER_EQUAL Expr  (60)
	Expr : Expr . AND Expr  (61)
	Expr : Expr . OR Expr  (62)
	Expr : '(' Expr . ')'  (63)

	AND  shift 123
	OR  shift 124
	LESS_EQUAL  shift 125
	GREATER_EQUAL  shift 126
	EQUAL  shift 127
	NOT_EQUAL  shift 128
	'+'  shift 129
	'-'  shift 130
	'*'  shift 131
	'/'  shift 132
	'%'  shift 133
	'>'  shift 134
	'<'  shift 135
	'.'  shift 136
	')'  shift 157
	'['  shift 137
	.  error


state 116
	Stmt : SimpleStmt ';' .  (29)

	.  reduce 29


state 117
	Stmt : PrintCompStmt ';' .  (33)

	.  reduce 33


state 118
	Stmt : DoStmt ';' .  (34)

	.  reduce 34


state 119
	Stmt : ReturnStmt ';' .  (35)

	.  reduce 35


state 120
	Stmt : PrintStmt ';' .  (36)

	.  reduce 36


state 121
	Stmt : BreakStmt ';' .  (37)

	.  reduce 37


state 122
	SimpleStmt : LValue '=' . Expr  (39)
	Receiver : .  (43)

	NULL  shift 47
	THIS  shift 48
	SUPER  shift 51
	NEW  shift 55
	READ_INTEGER  shift 57
	READ_LINE  shift 58
	CASE  shift 59
	SCOPY  shift 62
	DCOPY  shift 63
	LITERAL  shift 64
	INSTANCEOF  shift 65
	'-'  shift 66
	'@'  shift 67
	'#'  shift 68
	'$'  shift 69
	'!'  shift 70
	'('  shift 71
	IDENTIFIER  reduce 43

	LValue  goto 93
	Expr  goto 158
	Call  goto 95
	Receiver  goto 88
	Constant  goto 89


state 123
	Expr : Expr AND . Expr  (61)
	Receiver : .  (43)

	NULL  shift 47
	THIS  shift 48
	SUPER  shift 51
	NEW  shift 55
	READ_INTEGER  shift 57
	READ_LINE  shift 58
	CASE  shift 59
	SCOPY  shift 62
	DCOPY  shift 63
	LITERAL  shift 64
	INSTANCEOF  shift 65
	'-'  shift 66
	'@'  shift 67
	'#'  shift 68
	'$'  shift 69
	'!'  shift 70
	'('  shift 71
	IDENTIFIER  reduce 43

	LValue  goto 93
	Expr  goto 159
	Call  goto 95
	Receiver  goto 88
	Constant  goto 89


state 124
	Expr : Expr OR . Expr  (62)
	Receiver : .  (43)

	NULL  shift 47
	THIS  shift 48
	SUPER  shift 51
	NEW  shift 55
	READ_INTEGER  shift 57
	READ_LINE  shift 58
	CASE  shift 59
	SCOPY  shift 62
	DCOPY  shift 63
	LITERAL  shift 64
	INSTANCEOF  shift 65
	'-'  shift 66
	'@'  shift 67
	'#'  shift 68
	'$'  shift 69
	'!'  shift 70
	'('  shift 71
	IDENTIFIER  reduce 43

	LValue  goto 93
	Expr  goto 160
	Call  goto 95
	Receiver  goto 88
	Constant  goto 89


state 125
	Expr : Expr LESS_EQUAL . Expr  (59)
	Receiver : .  (43)

	NULL  shift 47
	THIS  shift 48
	SUPER  shift 51
	NEW  shift 55
	READ_INTEGER  shift 57
	READ_LINE  shift 58
	CASE  shift 59
	SCOPY  shift 62
	DCOPY  shift 63
	LITERAL  shift 64
	INSTANCEOF  shift 65
	'-'  shift 66
	'@'  shift 67
	'#'  shift 68
	'$'  shift 69
	'!'  shift 70
	'('  shift 71
	IDENTIFIER  reduce 43

	LValue  goto 93
	Expr  goto 161
	Call  goto 95
	Receiver  goto 88
	Constant  goto 89


state 126
	Expr : Expr GREATER_EQUAL . Expr  (60)
	Receiver : .  (43)

	NULL  shift 47
	THIS  shift 48
	SUPER  shift 51
	NEW  shift 55
	READ_INTEGER  shift 57
	READ_LINE  shift 58
	CASE  shift 59
	SCOPY  shift 62
	DCOPY  shift 63
	LITERAL  shift 64
	INSTANCEOF  shift 65
	'-'  shift 66
	'@'  shift 67
	'#'  shift 68
	'$'  shift 69
	'!'  shift 70
	'('  shift 71
	IDENTIFIER  reduce 43

	LValue  goto 93
	Expr  goto 162
	Call  goto 95
	Receiver  goto 88
	Constant  goto 89


state 127
	Expr : Expr EQUAL . Expr  (55)
	Receiver : .  (43)

	NULL  shift 47
	THIS  shift 48
	SUPER  shift 51
	NEW  shift 55
	READ_INTEGER  shift 57
	READ_LINE  shift 58
	CASE  shift 59
	SCOPY  shift 62
	DCOPY  shift 63
	LITERAL  shift 64
	INSTANCEOF  shift 65
	'-'  shift 66
	'@'  shift 67
	'#'  shift 68
	'$'  shift 69
	'!'  shift 70
	'('  shift 71
	IDENTIFIER  reduce 43

	LValue  goto 93
	Expr  goto 163
	Call  goto 95
	Receiver  goto 88
	Constant  goto 89


state 128
	Expr : Expr NOT_EQUAL . Expr  (56)
	Receiver : .  (43)

	NULL  shift 47
	THIS  shift 48
	SUPER  shift 51
	NEW  shift 55
	READ_INTEGER  shift 57
	READ_LINE  shift 58
	CASE  shift 59
	SCOPY  shift 62
	DCOPY  shift 63
	LITERAL  shift 64
	INSTANCEOF  shift 65
	'-'  shift 66
	'@'  shift 67
	'#'  shift 68
	'$'  shift 69
	'!'  shift 70
	'('  shift 71
	IDENTIFIER  reduce 43

	LValue  goto 93
	Expr  goto 164
	Call  goto 95
	Receiver  goto 88
	Constant  goto 89


state 129
	Expr : Expr '+' . Expr  (50)
	Receiver : .  (43)

	NULL  shift 47
	THIS  shift 48
	SUPER  shift 51
	NEW  shift 55
	READ_INTEGER  shift 57
	READ_LINE  shift 58
	CASE  shift 59
	SCOPY  shift 62
	DCOPY  shift 63
	LITERAL  shift 64
	INSTANCEOF  shift 65
	'-'  shift 66
	'@'  shift 67
	'#'  shift 68
	'$'  shift 69
	'!'  shift 70
	'('  shift 71
	IDENTIFIER  reduce 43

	LValue  goto 93
	Expr  goto 165
	Call  goto 95
	Receiver  goto 88
	Constant  goto 89


state 130
	Expr : Expr '-' . Expr  (51)
	Receiver : .  (43)

	NULL  shift 47
	THIS  shift 48
	SUPER  shift 51
	NEW  shift 55
	READ_INTEGER  shift 57
	READ_LINE  shift 58
	CASE  shift 59
	SCOPY  shift 62
	DCOPY  shift 63
	LITERAL  shift 64
	INSTANCEOF  shift 65
	'-'  shift 66
	'@'  shift 67
	'#'  shift 68
	'$'  shift 69
	'!'  shift 70
	'('  shift 71
	IDENTIFIER  reduce 43

	LValue  goto 93
	Expr  goto 166
	Call  goto 95
	Receiver  goto 88
	Constant  goto 89


state 131
	Expr : Expr '*' . Expr  (52)
	Receiver : .  (43)

	NULL  shift 47
	THIS  shift 48
	SUPER  shift 51
	NEW  shift 55
	READ_INTEGER  shift 57
	READ_LINE  shift 58
	CASE  shift 59
	SCOPY  shift 62
	DCOPY  shift 63
	LITERAL  shift 64
	INSTANCEOF  shift 65
	'-'  shift 66
	'@'  shift 67
	'#'  shift 68
	'$'  shift 69
	'!'  shift 70
	'('  shift 71
	IDENTIFIER  reduce 43

	LValue  goto 93
	Expr  goto 167
	Call  goto 95
	Receiver  goto 88
	Constant  goto 89


state 132
	Expr : Expr '/' . Expr  (53)
	Receiver : .  (43)

	NULL  shift 47
	THIS  shift 48
	SUPER  shift 51
	NEW  shift 55
	READ_INTEGER  shift 57
	READ_LINE  shift 58
	CASE  shift 59
	SCOPY  shift 62
	DCOPY  shift 63
	LITERAL  shift 64
	INSTANCEOF  shift 65
	'-'  shift 66
	'@'  shift 67
	'#'  shift 68
	'$'  shift 69
	'!'  shift 70
	'('  shift 71
	IDENTIFIER  reduce 43

	LValue  goto 93
	Expr  goto 168
	Call  goto 95
	Receiver  goto 88
	Constant  goto 89


state 133
	Expr : Expr '%' . Expr  (54)
	Receiver : .  (43)

	NULL  shift 47
	THIS  shift 48
	SUPER  shift 51
	NEW  shift 55
	READ_INTEGER  shift 57
	READ_LINE  shift 58
	CASE  shift 59
	SCOPY  shift 62
	DCOPY  shift 63
	LITERAL  shift 64
	INSTANCEOF  shift 65
	'-'  shift 66
	'@'  shift 67
	'#'  shift 68
	'$'  shift 69
	'!'  shift 70
	'('  shift 71
	IDENTIFIER  reduce 43

	LValue  goto 93
	Expr  goto 169
	Call  goto 95
	Receiver  goto 88
	Constant  goto 89


state 134
	Expr : Expr '>' . Expr  (58)
	Receiver : .  (43)

	NULL  shift 47
	THIS  shift 48
	SUPER  shift 51
	NEW  shift 55
	READ_INTEGER  shift 57
	READ_LINE  shift 58
	CASE  shift 59
	SCOPY  shift 62
	DCOPY  shift 63
	LITERAL  shift 64
	INSTANCEOF  shift 65
	'-'  shift 66
	'@'  shift 67
	'#'  shift 68
	'$'  shift 69
	'!'  shift 70
	'('  shift 71
	IDENTIFIER  reduce 43

	LValue  goto 93
	Expr  goto 170
	Call  goto 95
	Receiver  goto 88
	Constant  goto 89


state 135
	Expr : Expr '<' . Expr  (57)
	Receiver : .  (43)

	NULL  shift 47
	THIS  shift 48
	SUPER  shift 51
	NEW  shift 55
	READ_INTEGER  shift 57
	READ_LINE  shift 58
	CASE  shift 59
	SCOPY  shift 62
	DCOPY  shift 63
	LITERAL  shift 64
	INSTANCEOF  shift 65
	'-'  shift 66
	'@'  shift 67
	'#'  shift 68
	'$'  shift 69
	'!'  shift 70
	'('  shift 71
	IDENTIFIER  reduce 43

	LValue  goto 93
	Expr  goto 171
	Call  goto 95
	Receiver  goto 88
	Constant  goto 89


state 136
	Receiver : Expr '.' .  (42)

	.  reduce 42


state 137
	LValue : Expr '[' . Expr ']'  (45)
	Receiver : .  (43)

	NULL  shift 47
	THIS  shift 48
	SUPER  shift 51
	NEW  shift 55
	READ_INTEGER  shift 57
	READ_LINE  shift 58
	CASE  shift 59
	SCOPY  shift 62
	DCOPY  shift 63
	LITERAL  shift 64
	INSTANCEOF  shift 65
	'-'  shift 66
	'@'  shift 67
	'#'  shift 68
	'$'  shift 69
	'!'  shift 70
	'('  shift 71
	IDENTIFIER  reduce 43

	LValue  goto 93
	Expr  goto 172
	Call  goto 95
	Receiver  goto 88
	Constant  goto 89


state 138
	LValue : Receiver IDENTIFIER .  (44)
	Call : Receiver IDENTIFIER . '(' Actuals ')'  (46)

	'('  shift 173
	AND  reduce 44
	OR  reduce 44
	LESS_EQUAL  reduce 44
	GREATER_EQUAL  reduce 44
	EQUAL  reduce 44
	NOT_EQUAL  reduce 44
	'+'  reduce 44
	'-'  reduce 44
	'*'  reduce 44
	'/'  reduce 44
	'%'  reduce 44
	'='  reduce 44
	'>'  reduce 44
	'<'  reduce 44
	'.'  reduce 44
	','  reduce 44
	';'  reduce 44
	')'  reduce 44
	'['  reduce 44
	']'  reduce 44
	':'  reduce 44


state 139
	Receiver : Expr . '.'  (42)
	LValue : Expr . '[' Expr ']'  (45)
	Expr : Expr . '+' Expr  (50)
	Expr : Expr . '-' Expr  (51)
	Expr : Expr . '*' Expr  (52)
	Expr : Expr . '/' Expr  (53)
	Expr : Expr . '%' Expr  (54)
	Expr : Expr . EQUAL Expr  (55)
	Expr : Expr . NOT_EQUAL Expr  (56)
	Expr : Expr . '<' Expr  (57)
	Expr : Expr . '>' Expr  (58)
	Expr : Expr . LESS_EQUAL Expr  (59)
	Expr : Expr . GREATER_EQUAL Expr  (60)
	Expr : Expr . AND Expr  (61)
	Expr : Expr . OR Expr  (62)
	WhileStmt : WHILE '(' Expr . ')' Stmt  (95)

	AND  shift 123
	OR  shift 124
	LESS_EQUAL  shift 125
	GREATER_EQUAL  shift 126
	EQUAL  shift 127
	NOT_EQUAL  shift 128
	'+'  shift 129
	'-'  shift 130
	'*'  shift 131
	'/'  shift 132
	'%'  shift 133
	'>'  shift 134
	'<'  shift 135
	'.'  shift 136
	')'  shift 174
	'['  shift 137
	.  error


state 140
	ForStmt : FOR '(' SimpleStmt . ';' Expr ';' SimpleStmt ')' Stmt  (96)

	';'  shift 175
	.  error


state 141
	Receiver : Expr . '.'  (42)
	LValue : Expr . '[' Expr ']'  (45)
	Expr : Expr . '+' Expr  (50)
	Expr : Expr . '-' Expr  (51)
	Expr : Expr . '*' Expr  (52)
	Expr : Expr . '/' Expr  (53)
	Expr : Expr . '%' Expr  (54)
	Expr : Expr . EQUAL Expr  (55)
	Expr : Expr . NOT_EQUAL Expr  (56)
	Expr : Expr . '<' Expr  (57)
	Expr : Expr . '>' Expr  (58)
	Expr : Expr . LESS_EQUAL Expr  (59)
	Expr : Expr . GREATER_EQUAL Expr  (60)
	Expr : Expr . AND Expr  (61)
	Expr : Expr . OR Expr  (62)
	IfStmt : IF '(' Expr . ')' Stmt ElseClause  (98)

	AND  shift 123
	OR  shift 124
	LESS_EQUAL  shift 125
	GREATER_EQUAL  shift 126
	EQUAL  shift 127
	NOT_EQUAL  shift 128
	'+'  shift 129
	'-'  shift 130
	'*'  shift 131
	'/'  shift 132
	'%'  shift 133
	'>'  shift 134
	'<'  shift 135
	'.'  shift 136
	')'  shift 176
	'['  shift 137
	.  error


state 142
	Expr : NEW IDENTIFIER '(' . ')'  (73)

	')'  shift 177
	.  error


state 143
	Type : Type '[' . ']'  (11)
	Expr : NEW Type '[' . Expr ']'  (74)
	Receiver : .  (43)

	NULL  shift 47
	THIS  shift 48
	SUPER  shift 51
	NEW  shift 55
	READ_INTEGER  shift 57
	READ_LINE  shift 58
	CASE  shift 59
	SCOPY  shift 62
	DCOPY  shift 63
	LITERAL  shift 64
	INSTANCEOF  shift 65
	'-'  shift 66
	'@'  shift 67
	'#'  shift 68
	'$'  shift 69
	'!'  shift 70
	'('  shift 71
	']'  shift 31
	IDENTIFIER  reduce 43

	LValue  goto 93
	Expr  goto 178
	Call  goto 95
	Receiver  goto 88
	Constant  goto 89


state 144
	Receiver : Expr . '.'  (42)
	LValue : Expr . '[' Expr ']'  (45)
	Expr : Expr . '+' Expr  (50)
	Expr : Expr . '-' Expr  (51)
	Expr : Expr . '*' Expr  (52)
	Expr : Expr . '/' Expr  (53)
	Expr : Expr . '%' Expr  (54)
	Expr : Expr . EQUAL Expr  (55)
	Expr : Expr . NOT_EQUAL Expr  (56)
	Expr : Expr . '<' Expr  (57)
	Expr : Expr . '>' Expr  (58)
	Expr : Expr . LESS_EQUAL Expr  (59)
	Expr : Expr . GREATER_EQUAL Expr  (60)
	Expr : Expr . AND Expr  (61)
	Expr : Expr . OR Expr  (62)
	ExprList : Expr .  (89)

	AND  shift 123
	OR  shift 124
	LESS_EQUAL  shift 125
	GREATER_EQUAL  shift 126
	EQUAL  shift 127
	NOT_EQUAL  shift 128
	'+'  shift 129
	'-'  shift 130
	'*'  shift 131
	'/'  shift 132
	'%'  shift 133
	'>'  shift 134
	'<'  shift 135
	'.'  shift 136
	'['  shift 137
	','  reduce 89
	')'  reduce 89


state 145
	ExprList : ExprList . ',' Expr  (88)
	PrintStmt : PRINT '(' ExprList . ')'  (103)

	','  shift 179
	')'  shift 180
	.  error


state 146
	Expr : READ_INTEGER '(' ')' .  (69)

	.  reduce 69


state 147
	Expr : READ_LINE '(' ')' .  (70)

	.  reduce 70


state 148
	Receiver : Expr . '.'  (42)
	LValue : Expr . '[' Expr ']'  (45)
	Expr : Expr . '+' Expr  (50)
	Expr : Expr . '-' Expr  (51)
	Expr : Expr . '*' Expr  (52)
	Expr : Expr . '/' Expr  (53)
	Expr : Expr . '%' Expr  (54)
	Expr : Expr . EQUAL Expr  (55)
	Expr : Expr . NOT_EQUAL Expr  (56)
	Expr : Expr . '<' Expr  (57)
	Expr : Expr . '>' Expr  (58)
	Expr : Expr . LESS_EQUAL Expr  (59)
	Expr : Expr . GREATER_EQUAL Expr  (60)
	Expr : Expr . AND Expr  (61)
	Expr : Expr . OR Expr  (62)
	Expr : CASE '(' Expr . ')' '{' CaseStmtList DefaultStmt '}'  (77)

	AND  shift 123
	OR  shift 124
	LESS_EQUAL  shift 125
	GREATER_EQUAL  shift 126
	EQUAL  shift 127
	NOT_EQUAL  shift 128
	'+'  shift 129
	'-'  shift 130
	'*'  shift 131
	'/'  shift 132
	'%'  shift 133
	'>'  shift 134
	'<'  shift 135
	'.'  shift 136
	')'  shift 181
	'['  shift 137
	.  error


state 149
	DoSubStmt : Expr ':' . Stmt  (94)
	SimpleStmt : .  (41)
	Receiver : .  (43)

	VOID  shift 12
	BOOL  shift 13
	INT  shift 14
	STRING  shift 15
	CLASS  shift 16
	COMPLEX  shift 17
	NULL  shift 47
	THIS  shift 48
	WHILE  shift 49
	FOR  shift 50
	SUPER  shift 51
	IF  shift 52
	RETURN  shift 53
	BREAK  shift 54
	NEW  shift 55
	PRINT  shift 56
	READ_INTEGER  shift 57
	READ_LINE  shift 58
	CASE  shift 59
	DO  shift 60
	PRINTCOMP  shift 61
	SCOPY  shift 62
	DCOPY  shift 63
	LITERAL  shift 64
	INSTANCEOF  shift 65
	'-'  shift 66
	'@'  shift 67
	'#'  shift 68
	'$'  shift 69
	'!'  shift 70
	'('  shift 71
	'{'  shift 42
	IDENTIFIER  reduce 43
	';'  reduce 41

	VariableDef  goto 73
	Variable  goto 21
	Type  goto 34
	StmtBlock  goto 74
	Stmt  goto 182
	SimpleStmt  goto 76
	IfStmt  goto 77
	WhileStmt  goto 78
	ForStmt  goto 79
	PrintCompStmt  goto 80
	DoStmt  goto 81
	ReturnStmt  goto 82
	PrintStmt  goto 83
	BreakStmt  goto 84
	LValue  goto 85
	Expr  goto 86
	Call  goto 87
	Receiver  goto 88
	Constant  goto 89


state 150
	DoBranch : DoBranch DOOD . DoSubStmt  (92)
	Receiver : .  (43)

	NULL  shift 47
	THIS  shift 48
	SUPER  shift 51
	NEW  shift 55
	READ_INTEGER  shift 57
	READ_LINE  shift 58
	CASE  shift 59
	SCOPY  shift 62
	DCOPY  shift 63
	LITERAL  shift 64
	INSTANCEOF  shift 65
	'-'  shift 66
	'@'  shift 67
	'#'  shift 68
	'$'  shift 69
	'!'  shift 70
	'('  shift 71
	IDENTIFIER  reduce 43

	LValue  goto 93
	Expr  goto 102
	Call  goto 95
	Receiver  goto 88
	Constant  goto 89
	DoSubStmt  goto 183


state 151
	DoStmt : DO DoBranch OD .  (91)

	.  reduce 91


state 152
	ExprList : ExprList . ',' Expr  (88)
	PrintCompStmt : PRINTCOMP '(' ExprList . ')'  (90)

	','  shift 179
	')'  shift 184
	.  error


state 153
	Receiver : Expr . '.'  (42)
	LValue : Expr . '[' Expr ']'  (45)
	Expr : Expr . '+' Expr  (50)
	Expr : Expr . '-' Expr  (51)
	Expr : Expr . '*' Expr  (52)
	Expr : Expr . '/' Expr  (53)
	Expr : Expr . '%' Expr  (54)
	Expr : Expr . EQUAL Expr  (55)
	Expr : Expr . NOT_EQUAL Expr  (56)
	Expr : Expr . '<' Expr  (57)
	Expr : Expr . '>' Expr  (58)
	Expr : Expr . LESS_EQUAL Expr  (59)
	Expr : Expr . GREATER_EQUAL Expr  (60)
	Expr : Expr . AND Expr  (61)
	Expr : Expr . OR Expr  (62)
	Expr : SCOPY '(' Expr . ')'  (79)

	AND  shift 123
	OR  shift 124
	LESS_EQUAL  shift 125
	GREATER_EQUAL  shift 126
	EQUAL  shift 127
	NOT_EQUAL  shift 128
	'+'  shift 129
	'-'  shift 130
	'*'  shift 131
	'/'  shift 132
	'%'  shift 133
	'>'  shift 134
	'<'  shift 135
	'.'  shift 136
	')'  shift 185
	'['  shift 137
	.  error


state 154
	Receiver : Expr . '.'  (42)
	LValue : Expr . '[' Expr ']'  (45)
	Expr : Expr . '+' Expr  (50)
	Expr : Expr . '-' Expr  (51)
	Expr : Expr . '*' Expr  (52)
	Expr : Expr . '/' Expr  (53)
	Expr : Expr . '%' Expr  (54)
	Expr : Expr . EQUAL Expr  (55)
	Expr : Expr . NOT_EQUAL Expr  (56)
	Expr : Expr . '<' Expr  (57)
	Expr : Expr . '>' Expr  (58)
	Expr : Expr . LESS_EQUAL Expr  (59)
	Expr : Expr . GREATER_EQUAL Expr  (60)
	Expr : Expr . AND Expr  (61)
	Expr : Expr . OR Expr  (62)
	Expr : DCOPY '(' Expr . ')'  (78)

	AND  shift 123
	OR  shift 124
	LESS_EQUAL  shift 125
	GREATER_EQUAL  shift 126
	EQUAL  shift 127
	NOT_EQUAL  shift 128
	'+'  shift 129
	'-'  shift 130
	'*'  shift 131
	'/'  shift 132
	'%'  shift 133
	'>'  shift 134
	'<'  shift 135
	'.'  shift 136
	')'  shift 186
	'['  shift 137
	.  error


state 155
	Receiver : Expr . '.'  (42)
	LValue : Expr . '[' Expr ']'  (45)
	Expr : Expr . '+' Expr  (50)
	Expr : Expr . '-' Expr  (51)
	Expr : Expr . '*' Expr  (52)
	Expr : Expr . '/' Expr  (53)
	Expr : Expr . '%' Expr  (54)
	Expr : Expr . EQUAL Expr  (55)
	Expr : Expr . NOT_EQUAL Expr  (56)
	Expr : Expr . '<' Expr  (57)
	Expr : Expr . '>' Expr  (58)
	Expr : Expr . LESS_EQUAL Expr  (59)
	Expr : Expr . GREATER_EQUAL Expr  (60)
	Expr : Expr . AND Expr  (61)
	Expr : Expr . OR Expr  (62)
	Expr : INSTANCEOF '(' Expr . ',' IDENTIFIER ')'  (75)

	AND  shift 123
	OR  shift 124
	LESS_EQUAL  shift 125
	GREATER_EQUAL  shift 126
	EQUAL  shift 127
	NOT_EQUAL  shift 128
	'+'  shift 129
	'-'  shift 130
	'*'  shift 131
	'/'  shift 132
	'%'  shift 133
	'>'  shift 134
	'<'  shift 135
	'.'  shift 136
	','  shift 187
	'['  shift 137
	.  error


state 156
	Expr : '(' CLASS IDENTIFIER . ')' Expr  (76)

	')'  shift 188
	.  error


state 157
	Expr : '(' Expr ')' .  (63)

	.  reduce 63


state 158
	SimpleStmt : LValue '=' Expr .  (39)
	Receiver : Expr . '.'  (42)
	LValue : Expr . '[' Expr ']'  (45)
	Expr : Expr . '+' Expr  (50)
	Expr : Expr . '-' Expr  (51)
	Expr : Expr . '*' Expr  (52)
	Expr : Expr . '/' Expr  (53)
	Expr : Expr . '%' Expr  (54)
	Expr : Expr . EQUAL Expr  (55)
	Expr : Expr . NOT_EQUAL Expr  (56)
	Expr : Expr . '<' Expr  (57)
	Expr : Expr . '>' Expr  (58)
	Expr : Expr . LESS_EQUAL Expr  (59)
	Expr : Expr . GREATER_EQUAL Expr  (60)
	Expr : Expr . AND Expr  (61)
	Expr : Expr . OR Expr  (62)

	AND  shift 123
	OR  shift 124
	LESS_EQUAL  shift 125
	GREATER_EQUAL  shift 126
	EQUAL  shift 127
	NOT_EQUAL  shift 128
	'+'  shift 129
	'-'  shift 130
	'*'  shift 131
	'/'  shift 132
	'%'  shift 133
	'>'  shift 134
	'<'  shift 135
	'.'  shift 136
	'['  shift 137
	';'  reduce 39
	')'  reduce 39


state 159
	Receiver : Expr . '.'  (42)
	LValue : Expr . '[' Expr ']'  (45)
	Expr : Expr . '+' Expr  (50)
	Expr : Expr . '-' Expr  (51)
	Expr : Expr . '*' Expr  (52)
	Expr : Expr . '/' Expr  (53)
	Expr : Expr . '%' Expr  (54)
	Expr : Expr . EQUAL Expr  (55)
	Expr : Expr . NOT_EQUAL Expr  (56)
	Expr : Expr . '<' Expr  (57)
	Expr : Expr . '>' Expr  (58)
	Expr : Expr . LESS_EQUAL Expr  (59)
	Expr : Expr . GREATER_EQUAL Expr  (60)
	Expr : Expr . AND Expr  (61)
	Expr : Expr AND Expr .  (61)
	Expr : Expr . OR Expr  (62)

	LESS_EQUAL  shift 125
	GREATER_EQUAL  shift 126
	EQUAL  shift 127
	NOT_EQUAL  shift 128
	'+'  shift 129
	'-'  shift 130
	'*'  shift 131
	'/'  shift 132
	'%'  shift 133
	'>'  shift 134
	'<'  shift 135
	'.'  shift 136
	'['  shift 137
	AND  reduce 61
	OR  reduce 61
	','  reduce 61
	';'  reduce 61
	')'  reduce 61
	']'  reduce 61
	':'  reduce 61


state 160
	Receiver : Expr . '.'  (42)
	LValue : Expr . '[' Expr ']'  (45)
	Expr : Expr . '+' Expr  (50)
	Expr : Expr . '-' Expr  (51)
	Expr : Expr . '*' Expr  (52)
	Expr : Expr . '/' Expr  (53)
	Expr : Expr . '%' Expr  (54)
	Expr : Expr . EQUAL Expr  (55)
	Expr : Expr . NOT_EQUAL Expr  (56)
	Expr : Expr . '<' Expr  (57)
	Expr : Expr . '>' Expr  (58)
	Expr : Expr . LESS_EQUAL Expr  (59)
	Expr : Expr . GREATER_EQUAL Expr  (60)
	Expr : Expr . AND Expr  (61)
	Expr : Expr . OR Expr  (62)
	Expr : Expr OR Expr .  (62)

	AND  shift 123
	LESS_EQUAL  shift 125
	GREATER_EQUAL  shift 126
	EQUAL  shift 127
	NOT_EQUAL  shift 128
	'+'  shift 129
	'-'  shift 130
	'*'  shift 131
	'/'  shift 132
	'%'  shift 133
	'>'  shift 134
	'<'  shift 135
	'.'  shift 136
	'['  shift 137
	OR  reduce 62
	','  reduce 62
	';'  reduce 62
	')'  reduce 62
	']'  reduce 62
	':'  reduce 62


state 161
	Receiver : Expr . '.'  (42)
	LValue : Expr . '[' Expr ']'  (45)
	Expr : Expr . '+' Expr  (50)
	Expr : Expr . '-' Expr  (51)
	Expr : Expr . '*' Expr  (52)
	Expr : Expr . '/' Expr  (53)
	Expr : Expr . '%' Expr  (54)
	Expr : Expr . EQUAL Expr  (55)
	Expr : Expr . NOT_EQUAL Expr  (56)
	Expr : Expr . '<' Expr  (57)
	Expr : Expr . '>' Expr  (58)
	Expr : Expr . LESS_EQUAL Expr  (59)
	Expr : Expr LESS_EQUAL Expr .  (59)
	Expr : Expr . GREATER_EQUAL Expr  (60)
	Expr : Expr . AND Expr  (61)
	Expr : Expr . OR Expr  (62)

	'+'  shift 129
	'-'  shift 130
	'*'  shift 131
	'/'  shift 132
	'%'  shift 133
	'.'  shift 136
	'['  shift 137
	AND  reduce 59
	OR  reduce 59
	EQUAL  reduce 59
	NOT_EQUAL  reduce 59
	','  reduce 59
	';'  reduce 59
	')'  reduce 59
	']'  reduce 59
	':'  reduce 59


state 162
	Receiver : Expr . '.'  (42)
	LValue : Expr . '[' Expr ']'  (45)
	Expr : Expr . '+' Expr  (50)
	Expr : Expr . '-' Expr  (51)
	Expr : Expr . '*' Expr  (52)
	Expr : Expr . '/' Expr  (53)
	Expr : Expr . '%' Expr  (54)
	Expr : Expr . EQUAL Expr  (55)
	Expr : Expr . NOT_EQUAL Expr  (56)
	Expr : Expr . '<' Expr  (57)
	Expr : Expr . '>' Expr  (58)
	Expr : Expr . LESS_EQUAL Expr  (59)
	Expr : Expr . GREATER_EQUAL Expr  (60)
	Expr : Expr GREATER_EQUAL Expr .  (60)
	Expr : Expr . AND Expr  (61)
	Expr : Expr . OR Expr  (62)

	'+'  shift 129
	'-'  shift 130
	'*'  shift 131
	'/'  shift 132
	'%'  shift 133
	'.'  shift 136
	'['  shift 137
	AND  reduce 60
	OR  reduce 60
	EQUAL  reduce 60
	NOT_EQUAL  reduce 60
	','  reduce 60
	';'  reduce 60
	')'  reduce 60
	']'  reduce 60
	':'  reduce 60


state 163
	Receiver : Expr . '.'  (42)
	LValue : Expr . '[' Expr ']'  (45)
	Expr : Expr . '+' Expr  (50)
	Expr : Expr . '-' Expr  (51)
	Expr : Expr . '*' Expr  (52)
	Expr : Expr . '/' Expr  (53)
	Expr : Expr . '%' Expr  (54)
	Expr : Expr . EQUAL Expr  (55)
	Expr : Expr EQUAL Expr .  (55)
	Expr : Expr . NOT_EQUAL Expr  (56)
	Expr : Expr . '<' Expr  (57)
	Expr : Expr . '>' Expr  (58)
	Expr : Expr . LESS_EQUAL Expr  (59)
	Expr : Expr . GREATER_EQUAL Expr  (60)
	Expr : Expr . AND Expr  (61)
	Expr : Expr . OR Expr  (62)

	LESS_EQUAL  shift 125
	GREATER_EQUAL  shift 126
	'+'  shift 129
	'-'  shift 130
	'*'  shift 131
	'/'  shift 132
	'%'  shift 133
	'>'  shift 134
	'<'  shift 135
	'.'  shift 136
	'['  shift 137
	AND  reduce 55
	OR  reduce 55
	','  reduce 55
	';'  reduce 55
	')'  reduce 55
	']'  reduce 55
	':'  reduce 55


state 164
	Receiver : Expr . '.'  (42)
	LValue : Expr . '[' Expr ']'  (45)
	Expr : Expr . '+' Expr  (50)
	Expr : Expr . '-' Expr  (51)
	Expr : Expr . '*' Expr  (52)
	Expr : Expr . '/' Expr  (53)
	Expr : Expr . '%' Expr  (54)
	Expr : Expr . EQUAL Expr  (55)
	Expr : Expr . NOT_EQUAL Expr  (56)
	Expr : Expr NOT_EQUAL Expr .  (56)
	Expr : Expr . '<' Expr  (57)
	Expr : Expr . '>' Expr  (58)
	Expr : Expr . LESS_EQUAL Expr  (59)
	Expr : Expr . GREATER_EQUAL Expr  (60)
	Expr : Expr . AND Expr  (61)
	Expr : Expr . OR Expr  (62)

	LESS_EQUAL  shift 125
	GREATER_EQUAL  shift 126
	'+'  shift 129
	'-'  shift 130
	'*'  shift 131
	'/'  shift 132
	'%'  shift 133
	'>'  shift 134
	'<'  shift 135
	'.'  shift 136
	'['  shift 137
	AND  reduce 56
	OR  reduce 56
	','  reduce 56
	';'  reduce 56
	')'  reduce 56
	']'  reduce 56
	':'  reduce 56


state 165
	Receiver : Expr . '.'  (42)
	LValue : Expr . '[' Expr ']'  (45)
	Expr : Expr . '+' Expr  (50)
	Expr : Expr '+' Expr .  (50)
	Expr : Expr . '-' Expr  (51)
	Expr : Expr . '*' Expr  (52)
	Expr : Expr . '/' Expr  (53)
	Expr : Expr . '%' Expr  (54)
	Expr : Expr . EQUAL Expr  (55)
	Expr : Expr . NOT_EQUAL Expr  (56)
	Expr : Expr . '<' Expr  (57)
	Expr : Expr . '>' Expr  (58)
	Expr : Expr . LESS_EQUAL Expr  (59)
	Expr : Expr . GREATER_EQUAL Expr  (60)
	Expr : Expr . AND Expr  (61)
	Expr : Expr . OR Expr  (62)

	'*'  shift 131
	'/'  shift 132
	'%'  shift 133
	'.'  shift 136
	'['  shift 137
	AND  reduce 50
	OR  reduce 50
	LESS_EQUAL  reduce 50
	GREATER_EQUAL  reduce 50
	EQUAL  reduce 50
	NOT_EQUAL  reduce 50
	'+'  reduce 50
	'-'  reduce 50
	'>'  reduce 50
	'<'  reduce 50
	','  reduce 50
	';'  reduce 50
	')'  reduce 50
	']'  reduce 50
	':'  reduce 50


state 166
	Receiver : Expr . '.'  (42)
	LValue : Expr . '[' Expr ']'  (45)
	Expr : Expr . '+' Expr  (50)
	Expr : Expr . '-' Expr  (51)
	Expr : Expr '-' Expr .  (51)
	Expr : Expr . '*' Expr  (52)
	Expr : Expr . '/' Expr  (53)
	Expr : Expr . '%' Expr  (54)
	Expr : Expr . EQUAL Expr  (55)
	Expr : Expr . NOT_EQUAL Expr  (56)
	Expr : Expr . '<' Expr  (57)
	Expr : Expr . '>' Expr  (58)
	Expr : Expr . LESS_EQUAL Expr  (59)
	Expr : Expr . GREATER_EQUAL Expr  (60)
	Expr : Expr . AND Expr  (61)
	Expr : Expr . OR Expr  (62)

	'*'  shift 131
	'/'  shift 132
	'%'  shift 133
	'.'  shift 136
	'['  shift 137
	AND  reduce 51
	OR  reduce 51
	LESS_EQUAL  reduce 51
	GREATER_EQUAL  reduce 51
	EQUAL  reduce 51
	NOT_EQUAL  reduce 51
	'+'  reduce 51
	'-'  reduce 51
	'>'  reduce 51
	'<'  reduce 51
	','  reduce 51
	';'  reduce 51
	')'  reduce 51
	']'  reduce 51
	':'  reduce 51


state 167
	Receiver : Expr . '.'  (42)
	LValue : Expr . '[' Expr ']'  (45)
	Expr : Expr . '+' Expr  (50)
	Expr : Expr . '-' Expr  (51)
	Expr : Expr . '*' Expr  (52)
	Expr : Expr '*' Expr .  (52)
	Expr : Expr . '/' Expr  (53)
	Expr : Expr . '%' Expr  (54)
	Expr : Expr . EQUAL Expr  (55)
	Expr : Expr . NOT_EQUAL Expr  (56)
	Expr : Expr . '<' Expr  (57)
	Expr : Expr . '>' Expr  (58)
	Expr : Expr . LESS_EQUAL Expr  (59)
	Expr : Expr . GREATER_EQUAL Expr  (60)
	Expr : Expr . AND Expr  (61)
	Expr : Expr . OR Expr  (62)

	'.'  shift 136
	'['  shift 137
	AND  reduce 52
	OR  reduce 52
	LESS_EQUAL  reduce 52
	GREATER_EQUAL  reduce 52
	EQUAL  reduce 52
	NOT_EQUAL  reduce 52
	'+'  reduce 52
	'-'  reduce 52
	'*'  reduce 52
	'/'  reduce 52
	'%'  reduce 52
	'>'  reduce 52
	'<'  reduce 52
	','  reduce 52
	';'  reduce 52
	')'  reduce 52
	']'  reduce 52
	':'  reduce 52


state 168
	Receiver : Expr . '.'  (42)
	LValue : Expr . '[' Expr ']'  (45)
	Expr : Expr . '+' Expr  (50)
	Expr : Expr . '-' Expr  (51)
	Expr : Expr . '*' Expr  (52)
	Expr : Expr . '/' Expr  (53)
	Expr : Expr '/' Expr .  (53)
	Expr : Expr . '%' Expr  (54)
	Expr : Expr . EQUAL Expr  (55)
	Expr : Expr . NOT_EQUAL Expr  (56)
	Expr : Expr . '<' Expr  (57)
	Expr : Expr . '>' Expr  (58)
	Expr : Expr . LESS_EQUAL Expr  (59)
	Expr : Expr . GREATER_EQUAL Expr  (60)
	Expr : Expr . AND Expr  (61)
	Expr : Expr . OR Expr  (62)

	'.'  shift 136
	'['  shift 137
	AND  reduce 53
	OR  reduce 53
	LESS_EQUAL  reduce 53
	GREATER_EQUAL  reduce 53
	EQUAL  reduce 53
	NOT_EQUAL  reduce 53
	'+'  reduce 53
	'-'  reduce 53
	'*'  reduce 53
	'/'  reduce 53
	'%'  reduce 53
	'>'  reduce 53
	'<'  reduce 53
	','  reduce 53
	';'  reduce 53
	')'  reduce 53
	']'  reduce 53
	':'  reduce 53


state 169
	Receiver : Expr . '.'  (42)
	LValue : Expr . '[' Expr ']'  (45)
	Expr : Expr . '+' Expr  (50)
	Expr : Expr . '-' Expr  (51)
	Expr : Expr . '*' Expr  (52)
	Expr : Expr . '/' Expr  (53)
	Expr : Expr . '%' Expr  (54)
	Expr : Expr '%' Expr .  (54)
	Expr : Expr . EQUAL Expr  (55)
	Expr : Expr . NOT_EQUAL Expr  (56)
	Expr : Expr . '<' Expr  (57)
	Expr : Expr . '>' Expr  (58)
	Expr : Expr . LESS_EQUAL Expr  (59)
	Expr : Expr . GREATER_EQUAL Expr  (60)
	Expr : Expr . AND Expr  (61)
	Expr : Expr . OR Expr  (62)

	'.'  shift 136
	'['  shift 137
	AND  reduce 54
	OR  reduce 54
	LESS_EQUAL  reduce 54
	GREATER_EQUAL  reduce 54
	EQUAL  reduce 54
	NOT_EQUAL  reduce 54
	'+'  reduce 54
	'-'  reduce 54
	'*'  reduce 54
	'/'  reduce 54
	'%'  reduce 54
	'>'  reduce 54
	'<'  reduce 54
	','  reduce 54
	';'  reduce 54
	')'  reduce 54
	']'  reduce 54
	':'  reduce 54


state 170
	Receiver : Expr . '.'  (42)
	LValue : Expr . '[' Expr ']'  (45)
	Expr : Expr . '+' Expr  (50)
	Expr : Expr . '-' Expr  (51)
	Expr : Expr . '*' Expr  (52)
	Expr : Expr . '/' Expr  (53)
	Expr : Expr . '%' Expr  (54)
	Expr : Expr . EQUAL Expr  (55)
	Expr : Expr . NOT_EQUAL Expr  (56)
	Expr : Expr . '<' Expr  (57)
	Expr : Expr . '>' Expr  (58)
	Expr : Expr '>' Expr .  (58)
	Expr : Expr . LESS_EQUAL Expr  (59)
	Expr : Expr . GREATER_EQUAL Expr  (60)
	Expr : Expr . AND Expr  (61)
	Expr : Expr . OR Expr  (62)

	'+'  shift 129
	'-'  shift 130
	'*'  shift 131
	'/'  shift 132
	'%'  shift 133
	'.'  shift 136
	'['  shift 137
	AND  reduce 58
	OR  reduce 58
	EQUAL  reduce 58
	NOT_EQUAL  reduce 58
	','  reduce 58
	';'  reduce 58
	')'  reduce 58
	']'  reduce 58
	':'  reduce 58


state 171
	Receiver : Expr . '.'  (42)
	LValue : Expr . '[' Expr ']'  (45)
	Expr : Expr . '+' Expr  (50)
	Expr : Expr . '-' Expr  (51)
	Expr : Expr . '*' Expr  (52)
	Expr : Expr . '/' Expr  (53)
	Expr : Expr . '%' Expr  (54)
	Expr : Expr . EQUAL Expr  (55)
	Expr : Expr . NOT_EQUAL Expr  (56)
	Expr : Expr . '<' Expr  (57)
	Expr : Expr '<' Expr .  (57)
	Expr : Expr . '>' Expr  (58)
	Expr : Expr . LESS_EQUAL Expr  (59)
	Expr : Expr . GREATER_EQUAL Expr  (60)
	Expr : Expr . AND Expr  (61)
	Expr : Expr . OR Expr  (62)

	'+'  shift 129
	'-'  shift 130
	'*'  shift 131
	'/'  shift 132
	'%'  shift 133
	'.'  shift 136
	'['  shift 137
	AND  reduce 57
	OR  reduce 57
	EQUAL  reduce 57
	NOT_EQUAL  reduce 57
	','  reduce 57
	';'  reduce 57
	')'  reduce 57
	']'  reduce 57
	':'  reduce 57


state 172
	Receiver : Expr . '.'  (42)
	LValue : Expr . '[' Expr ']'  (45)
	LValue : Expr '[' Expr . ']'  (45)
	Expr : Expr . '+' Expr  (50)
	Expr : Expr . '-' Expr  (51)
	Expr : Expr . '*' Expr  (52)
	Expr : Expr . '/' Expr  (53)
	Expr : Expr . '%' Expr  (54)
	Expr : Expr . EQUAL Expr  (55)
	Expr : Expr . NOT_EQUAL Expr  (56)
	Expr : Expr . '<' Expr  (57)
	Expr : Expr . '>' Expr  (58)
	Expr : Expr . LESS_EQUAL Expr  (59)
	Expr : Expr . GREATER_EQUAL Expr  (60)
	Expr : Expr . AND Expr  (61)
	Expr : Expr . OR Expr  (62)

	AND  shift 123
	OR  shift 124
	LESS_EQUAL  shift 125
	GREATER_EQUAL  shift 126
	EQUAL  shift 127
	NOT_EQUAL  shift 128
	'+'  shift 129
	'-'  shift 130
	'*'  shift 131
	'/'  shift 132
	'%'  shift 133
	'>'  shift 134
	'<'  shift 135
	'.'  shift 136
	'['  shift 137
	']'  shift 189
	.  error


state 173
	Call : Receiver IDENTIFIER '(' . Actuals ')'  (46)
	Receiver : .  (43)
	Actuals : .  (87)

	NULL  shift 47
	THIS  shift 48
	SUPER  shift 51
	NEW  shift 55
	READ_INTEGER  shift 57
	READ_LINE  shift 58
	CASE  shift 59
	SCOPY  shift 62
	DCOPY  shift 63
	LITERAL  shift 64
	INSTANCEOF  shift 65
	'-'  shift 66
	'@'  shift 67
	'#'  shift 68
	'$'  shift 69
	'!'  shift 70
	'('  shift 71
	IDENTIFIER  reduce 43
	')'  reduce 87

	LValue  goto 93
	Expr  goto 144
	Call  goto 95
	Receiver  goto 88
	Actuals  goto 190
	Constant  goto 89
	ExprList  goto 191


state 174
	WhileStmt : WHILE '(' Expr ')' . Stmt  (95)
	SimpleStmt : .  (41)
	Receiver : .  (43)

	VOID  shift 12
	BOOL  shift 13
	INT  shift 14
	STRING  shift 15
	CLASS  shift 16
	COMPLEX  shift 17
	NULL  shift 47
	THIS  shift 48
	WHILE  shift 49
	FOR  shift 50
	SUPER  shift 51
	IF  shift 52
	RETURN  shift 53
	BREAK  shift 54
	NEW  shift 55
	PRINT  shift 56
	READ_INTEGER  shift 57
	READ_LINE  shift 58
	CASE  shift 59
	DO  shift 60
	PRINTCOMP  shift 61
	SCOPY  shift 62
	DCOPY  shift 63
	LITERAL  shift 64
	INSTANCEOF  shift 65
	'-'  shift 66
	'@'  shift 67
	'#'  shift 68
	'$'  shift 69
	'!'  shift 70
	'('  shift 71
	'{'  shift 42
	IDENTIFIER  reduce 43
	';'  reduce 41

	VariableDef  goto 73
	Variable  goto 21
	Type  goto 34
	StmtBlock  goto 74
	Stmt  goto 192
	SimpleStmt  goto 76
	IfStmt  goto 77
	WhileStmt  goto 78
	ForStmt  goto 79
	PrintCompStmt  goto 80
	DoStmt  goto 81
	ReturnStmt  goto 82
	PrintStmt  goto 83
	BreakStmt  goto 84
	LValue  goto 85
	Expr  goto 86
	Call  goto 87
	Receiver  goto 88
	Constant  goto 89


state 175
	ForStmt : FOR '(' SimpleStmt ';' . Expr ';' SimpleStmt ')' Stmt  (96)
	Receiver : .  (43)

	NULL  shift 47
	THIS  shift 48
	SUPER  shift 51
	NEW  shift 55
	READ_INTEGER  shift 57
	READ_LINE  shift 58
	CASE  shift 59
	SCOPY  shift 62
	DCOPY  shift 63
	LITERAL  shift 64
	INSTANCEOF  shift 65
	'-'  shift 66
	'@'  shift 67
	'#'  shift 68
	'$'  shift 69
	'!'  shift 70
	'('  shift 71
	IDENTIFIER  reduce 43

	LValue  goto 93
	Expr  goto 193
	Call  goto 95
	Receiver  goto 88
	Constant  goto 89


state 176
	IfStmt : IF '(' Expr ')' . Stmt ElseClause  (98)
	SimpleStmt : .  (41)
	Receiver : .  (43)

	VOID  shift 12
	BOOL  shift 13
	INT  shift 14
	STRING  shift 15
	CLASS  shift 16
	COMPLEX  shift 17
	NULL  shift 47
	THIS  shift 48
	WHILE  shift 49
	FOR  shift 50
	SUPER  shift 51
	IF  shift 52
	RETURN  shift 53
	BREAK  shift 54
	NEW  shift 55
	PRINT  shift 56
	READ_INTEGER  shift 57
	READ_LINE  shift 58
	CASE  shift 59
	DO  shift 60
	PRINTCOMP  shift 61
	SCOPY  shift 62
	DCOPY  shift 63
	LITERAL  shift 64
	INSTANCEOF  shift 65
	'-'  shift 66
	'@'  shift 67
	'#'  shift 68
	'$'  shift 69
	'!'  shift 70
	'('  shift 71
	'{'  shift 42
	IDENTIFIER  reduce 43
	';'  reduce 41

	VariableDef  goto 73
	Variable  goto 21
	Type  goto 34
	StmtBlock  goto 74
	Stmt  goto 194
	SimpleStmt  goto 76
	IfStmt  goto 77
	WhileStmt  goto 78
	ForStmt  goto 79
	PrintCompStmt  goto 80
	DoStmt  goto 81
	ReturnStmt  goto 82
	PrintStmt  goto 83
	BreakStmt  goto 84
	LValue  goto 85
	Expr  goto 86
	Call  goto 87
	Receiver  goto 88
	Constant  goto 89


state 177
	Expr : NEW IDENTIFIER '(' ')' .  (73)

	.  reduce 73


state 178
	Receiver : Expr . '.'  (42)
	LValue : Expr . '[' Expr ']'  (45)
	Expr : Expr . '+' Expr  (50)
	Expr : Expr . '-' Expr  (51)
	Expr : Expr . '*' Expr  (52)
	Expr : Expr . '/' Expr  (53)
	Expr : Expr . '%' Expr  (54)
	Expr : Expr . EQUAL Expr  (55)
	Expr : Expr . NOT_EQUAL Expr  (56)
	Expr : Expr . '<' Expr  (57)
	Expr : Expr . '>' Expr  (58)
	Expr : Expr . LESS_EQUAL Expr  (59)
	Expr : Expr . GREATER_EQUAL Expr  (60)
	Expr : Expr . AND Expr  (61)
	Expr : Expr . OR Expr  (62)
	Expr : NEW Type '[' Expr . ']'  (74)

	AND  shift 123
	OR  shift 124
	LESS_EQUAL  shift 125
	GREATER_EQUAL  shift 126
	EQUAL  shift 127
	NOT_EQUAL  shift 128
	'+'  shift 129
	'-'  shift 130
	'*'  shift 131
	'/'  shift 132
	'%'  shift 133
	'>'  shift 134
	'<'  shift 135
	'.'  shift 136
	'['  shift 137
	']'  shift 195
	.  error


state 179
	ExprList : ExprList ',' . Expr  (88)
	Receiver : .  (43)

	NULL  shift 47
	THIS  shift 48
	SUPER  shift 51
	NEW  shift 55
	READ_INTEGER  shift 57
	READ_LINE  shift 58
	CASE  shift 59
	SCOPY  shift 62
	DCOPY  shift 63
	LITERAL  shift 64
	INSTANCEOF  shift 65
	'-'  shift 66
	'@'  shift 67
	'#'  shift 68
	'$'  shift 69
	'!'  shift 70
	'('  shift 71
	IDENTIFIER  reduce 43

	LValue  goto 93
	Expr  goto 196
	Call  goto 95
	Receiver  goto 88
	Constant  goto 89


state 180
	PrintStmt : PRINT '(' ExprList ')' .  (103)

	.  reduce 103


state 181
	Expr : CASE '(' Expr ')' . '{' CaseStmtList DefaultStmt '}'  (77)

	'{'  shift 197
	.  error


state 182
	DoSubStmt : Expr ':' Stmt .  (94)

	.  reduce 94


state 183
	DoBranch : DoBranch DOOD DoSubStmt .  (92)

	.  reduce 92


state 184
	PrintCompStmt : PRINTCOMP '(' ExprList ')' .  (90)

	.  reduce 90


state 185
	Expr : SCOPY '(' Expr ')' .  (79)

	.  reduce 79


state 186
	Expr : DCOPY '(' Expr ')' .  (78)

	.  reduce 78


state 187
	Expr : INSTANCEOF '(' Expr ',' . IDENTIFIER ')'  (75)

	IDENTIFIER  shift 198
	.  error


state 188
	Expr : '(' CLASS IDENTIFIER ')' . Expr  (76)
	Receiver : .  (43)

	NULL  shift 47
	THIS  shift 48
	SUPER  shift 51
	NEW  shift 55
	READ_INTEGER  shift 57
	READ_LINE  shift 58
	CASE  shift 59
	SCOPY  shift 62
	DCOPY  shift 63
	LITERAL  shift 64
	INSTANCEOF  shift 65
	'-'  shift 66
	'@'  shift 67
	'#'  shift 68
	'$'  shift 69
	'!'  shift 70
	'('  shift 71
	IDENTIFIER  reduce 43

	LValue  goto 93
	Expr  goto 199
	Call  goto 95
	Receiver  goto 88
	Constant  goto 89


state 189
	LValue : Expr '[' Expr ']' .  (45)

	.  reduce 45


state 190
	Call : Receiver IDENTIFIER '(' Actuals . ')'  (46)

	')'  shift 200
	.  error


state 191
	Actuals : ExprList .  (86)
	ExprList : ExprList . ',' Expr  (88)

	','  shift 179
	')'  reduce 86


state 192
	WhileStmt : WHILE '(' Expr ')' Stmt .  (95)

	.  reduce 95


state 193
	Receiver : Expr . '.'  (42)
	LValue : Expr . '[' Expr ']'  (45)
	Expr : Expr . '+' Expr  (50)
	Expr : Expr . '-' Expr  (51)
	Expr : Expr . '*' Expr  (52)
	Expr : Expr . '/' Expr  (53)
	Expr : Expr . '%' Expr  (54)
	Expr : Expr . EQUAL Expr  (55)
	Expr : Expr . NOT_EQUAL Expr  (56)
	Expr : Expr . '<' Expr  (57)
	Expr : Expr . '>' Expr  (58)
	Expr : Expr . LESS_EQUAL Expr  (59)
	Expr : Expr . GREATER_EQUAL Expr  (60)
	Expr : Expr . AND Expr  (61)
	Expr : Expr . OR Expr  (62)
	ForStmt : FOR '(' SimpleStmt ';' Expr . ';' SimpleStmt ')' Stmt  (96)

	AND  shift 123
	OR  shift 124
	LESS_EQUAL  shift 125
	GREATER_EQUAL  shift 126
	EQUAL  shift 127
	NOT_EQUAL  shift 128
	'+'  shift 129
	'-'  shift 130
	'*'  shift 131
	'/'  shift 132
	'%'  shift 133
	'>'  shift 134
	'<'  shift 135
	'.'  shift 136
	';'  shift 201
	'['  shift 137
	.  error


state 194
	IfStmt : IF '(' Expr ')' Stmt . ElseClause  (98)
	ElseClause : .  (100)

	ELSE  shift 202
	VOID  reduce 100
	BOOL  reduce 100
	INT  reduce 100
	STRING  reduce 100
	CLASS  reduce 100
	COMPLEX  reduce 100
	NULL  reduce 100
	THIS  reduce 100
	WHILE  reduce 100
	FOR  reduce 100
	SUPER  reduce 100
	IF  reduce 100
	RETURN  reduce 100
	BREAK  reduce 100
	NEW  reduce 100
	PRINT  reduce 100
	READ_INTEGER  reduce 100
	READ_LINE  reduce 100
	CASE  reduce 100
	DOOD  reduce 100
	DO  reduce 100
	OD  reduce 100
	PRINTCOMP  reduce 100
	SCOPY  reduce 100
	DCOPY  reduce 100
	LITERAL  reduce 100
	IDENTIFIER  reduce 100
	INSTANCEOF  reduce 100
	'-'  reduce 100
	'@'  reduce 100
	'#'  reduce 100
	'$'  reduce 100
	';'  reduce 100
	'!'  reduce 100
	'('  reduce 100
	'{'  reduce 100
	'}'  reduce 100

	ElseClause  goto 203


state 195
	Expr : NEW Type '[' Expr ']' .  (74)

	.  reduce 74


state 196
	Receiver : Expr . '.'  (42)
	LValue : Expr . '[' Expr ']'  (45)
	Expr : Expr . '+' Expr  (50)
	Expr : Expr . '-' Expr  (51)
	Expr : Expr . '*' Expr  (52)
	Expr : Expr . '/' Expr  (53)
	Expr : Expr . '%' Expr  (54)
	Expr : Expr . EQUAL Expr  (55)
	Expr : Expr . NOT_EQUAL Expr  (56)
	Expr : Expr . '<' Expr  (57)
	Expr : Expr . '>' Expr  (58)
	Expr : Expr . LESS_EQUAL Expr  (59)
	Expr : Expr . GREATER_EQUAL Expr  (60)
	Expr : Expr . AND Expr  (61)
	Expr : Expr . OR Expr  (62)
	ExprList : ExprList ',' Expr .  (88)

	AND  shift 123
	OR  shift 124
	LESS_EQUAL  shift 125
	GREATER_EQUAL  shift 126
	EQUAL  shift 127
	NOT_EQUAL  shift 128
	'+'  shift 129
	'-'  shift 130
	'*'  shift 131
	'/'  shift 132
	'%'  shift 133
	'>'  shift 134
	'<'  shift 135
	'.'  shift 136
	'['  shift 137
	','  reduce 88
	')'  reduce 88


state 197
	Expr : CASE '(' Expr ')' '{' . CaseStmtList DefaultStmt '}'  (77)
	CaseStmtList : .  (81)

	.  reduce 81

	CaseStmtList  goto 204


state 198
	Expr : INSTANCEOF '(' Expr ',' IDENTIFIER . ')'  (75)

	')'  shift 205
	.  error


state 199
	Receiver : Expr . '.'  (42)
	LValue : Expr . '[' Expr ']'  (45)
	Expr : Expr . '+' Expr  (50)
	Expr : Expr . '-' Expr  (51)
	Expr : Expr . '*' Expr  (52)
	Expr : Expr . '/' Expr  (53)
	Expr : Expr . '%' Expr  (54)
	Expr : Expr . EQUAL Expr  (55)
	Expr : Expr . NOT_EQUAL Expr  (56)
	Expr : Expr . '<' Expr  (57)
	Expr : Expr . '>' Expr  (58)
	Expr : Expr . LESS_EQUAL Expr  (59)
	Expr : Expr . GREATER_EQUAL Expr  (60)
	Expr : Expr . AND Expr  (61)
	Expr : Expr . OR Expr  (62)
	Expr : '(' CLASS IDENTIFIER ')' Expr .  (76)

	.  reduce 76


state 200
	Call : Receiver IDENTIFIER '(' Actuals ')' .  (46)

	.  reduce 46


state 201
	ForStmt : FOR '(' SimpleStmt ';' Expr ';' . SimpleStmt ')' Stmt  (96)
	SimpleStmt : .  (41)
	Receiver : .  (43)

	NULL  shift 47
	THIS  shift 48
	SUPER  shift 51
	NEW  shift 55
	READ_INTEGER  shift 57
	READ_LINE  shift 58
	CASE  shift 59
	SCOPY  shift 62
	DCOPY  shift 63
	LITERAL  shift 64
	INSTANCEOF  shift 65
	'-'  shift 66
	'@'  shift 67
	'#'  shift 68
	'$'  shift 69
	'!'  shift 70
	'('  shift 71
	IDENTIFIER  reduce 43
	')'  reduce 41

	SimpleStmt  goto 206
	LValue  goto 85
	Expr  goto 86
	Call  goto 87
	Receiver  goto 88
	Constant  goto 89


state 202
	ElseClause : ELSE . Stmt  (99)
	SimpleStmt : .  (41)
	Receiver : .  (43)

	VOID  shift 12
	BOOL  shift 13
	INT  shift 14
	STRING  shift 15
	CLASS  shift 16
	COMPLEX  shift 17
	NULL  shift 47
	THIS  shift 48
	WHILE  shift 49
	FOR  shift 50
	SUPER  shift 51
	IF  shift 52
	RETURN  shift 53
	BREAK  shift 54
	NEW  shift 55
	PRINT  shift 56
	READ_INTEGER  shift 57
	READ_LINE  shift 58
	CASE  shift 59
	DO  shift 60
	PRINTCOMP  shift 61
	SCOPY  shift 62
	DCOPY  shift 63
	LITERAL  shift 64
	INSTANCEOF  shift 65
	'-'  shift 66
	'@'  shift 67
	'#'  shift 68
	'$'  shift 69
	'!'  shift 70
	'('  shift 71
	'{'  shift 42
	IDENTIFIER  reduce 43
	';'  reduce 41

	VariableDef  goto 73
	Variable  goto 21
	Type  goto 34
	StmtBlock  goto 74
	Stmt  goto 207
	SimpleStmt  goto 76
	IfStmt  goto 77
	WhileStmt  goto 78
	ForStmt  goto 79
	PrintCompStmt  goto 80
	DoStmt  goto 81
	ReturnStmt  goto 82
	PrintStmt  goto 83
	BreakStmt  goto 84
	LValue  goto 85
	Expr  goto 86
	Call  goto 87
	Receiver  goto 88
	Constant  goto 89


state 203
	IfStmt : IF '(' Expr ')' Stmt ElseClause .  (98)

	.  reduce 98


state 204
	Expr : CASE '(' Expr ')' '{' CaseStmtList . DefaultStmt '}'  (77)
	CaseStmtList : CaseStmtList . CaseStmt  (80)

	NULL  shift 47
	DEFAULT  shift 208
	LITERAL  shift 64
	.  error

	Constant  goto 209
	DefaultStmt  goto 210
	CaseStmt  goto 211


state 205
	Expr : INSTANCEOF '(' Expr ',' IDENTIFIER ')' .  (75)

	.  reduce 75


state 206
	ForStmt : FOR '(' SimpleStmt ';' Expr ';' SimpleStmt . ')' Stmt  (96)

	')'  shift 212
	.  error


state 207
	ElseClause : ELSE Stmt .  (99)

	.  reduce 99


state 208
	DefaultStmt : DEFAULT . ':' Expr ';'  (83)

	':'  shift 213
	.  error


state 209
	CaseStmt : Constant . ':' Expr ';'  (82)

	':'  shift 214
	.  error


state 210
	Expr : CASE '(' Expr ')' '{' CaseStmtList DefaultStmt . '}'  (77)

	'}'  shift 215
	.  error


state 211
	CaseStmtList : CaseStmtList CaseStmt .  (80)

	.  reduce 80


state 212
	ForStmt : FOR '(' SimpleStmt ';' Expr ';' SimpleStmt ')' . Stmt  (96)
	SimpleStmt : .  (41)
	Receiver : .  (43)

	VOID  shift 12
	BOOL  shift 13
	INT  shift 14
	STRING  shift 15
	CLASS  shift 16
	COMPLEX  shift 17
	NULL  shift 47
	THIS  shift 48
	WHILE  shift 49
	FOR  shift 50
	SUPER  shift 51
	IF  shift 52
	RETURN  shift 53
	BREAK  shift 54
	NEW  shift 55
	PRINT  shift 56
	READ_INTEGER  shift 57
	READ_LINE  shift 58
	CASE  shift 59
	DO  shift 60
	PRINTCOMP  shift 61
	SCOPY  shift 62
	DCOPY  shift 63
	LITERAL  shift 64
	INSTANCEOF  shift 65
	'-'  shift 66
	'@'  shift 67
	'#'  shift 68
	'$'  shift 69
	'!'  shift 70
	'('  shift 71
	'{'  shift 42
	IDENTIFIER  reduce 43
	';'  reduce 41

	VariableDef  goto 73
	Variable  goto 21
	Type  goto 34
	StmtBlock  goto 74
	Stmt  goto 216
	SimpleStmt  goto 76
	IfStmt  goto 77
	WhileStmt  goto 78
	ForStmt  goto 79
	PrintCompStmt  goto 80
	DoStmt  goto 81
	ReturnStmt  goto 82
	PrintStmt  goto 83
	BreakStmt  goto 84
	LValue  goto 85
	Expr  goto 86
	Call  goto 87
	Receiver  goto 88
	Constant  goto 89


state 213
	DefaultStmt : DEFAULT ':' . Expr ';'  (83)
	Receiver : .  (43)

	NULL  shift 47
	THIS  shift 48
	SUPER  shift 51
	NEW  shift 55
	READ_INTEGER  shift 57
	READ_LINE  shift 58
	CASE  shift 59
	SCOPY  shift 62
	DCOPY  shift 63
	LITERAL  shift 64
	INSTANCEOF  shift 65
	'-'  shift 66
	'@'  shift 67
	'#'  shift 68
	'$'  shift 69
	'!'  shift 70
	'('  shift 71
	IDENTIFIER  reduce 43

	LValue  goto 93
	Expr  goto 217
	Call  goto 95
	Receiver  goto 88
	Constant  goto 89


state 214
	CaseStmt : Constant ':' . Expr ';'  (82)
	Receiver : .  (43)

	NULL  shift 47
	THIS  shift 48
	SUPER  shift 51
	NEW  shift 55
	READ_INTEGER  shift 57
	READ_LINE  shift 58
	CASE  shift 59
	SCOPY  shift 62
	DCOPY  shift 63
	LITERAL  shift 64
	INSTANCEOF  shift 65
	'-'  shift 66
	'@'  shift 67
	'#'  shift 68
	'$'  shift 69
	'!'  shift 70
	'('  shift 71
	IDENTIFIER  reduce 43

	LValue  goto 93
	Expr  goto 218
	Call  goto 95
	Receiver  goto 88
	Constant  goto 89


state 215
	Expr : CASE '(' Expr ')' '{' CaseStmtList DefaultStmt '}' .  (77)

	.  reduce 77


state 216
	ForStmt : FOR '(' SimpleStmt ';' Expr ';' SimpleStmt ')' Stmt .  (96)

	.  reduce 96


state 217
	Receiver : Expr . '.'  (42)
	LValue : Expr . '[' Expr ']'  (45)
	Expr : Expr . '+' Expr  (50)
	Expr : Expr . '-' Expr  (51)
	Expr : Expr . '*' Expr  (52)
	Expr : Expr . '/' Expr  (53)
	Expr : Expr . '%' Expr  (54)
	Expr : Expr . EQUAL Expr  (55)
	Expr : Expr . NOT_EQUAL Expr  (56)
	Expr : Expr . '<' Expr  (57)
	Expr : Expr . '>' Expr  (58)
	Expr : Expr . LESS_EQUAL Expr  (59)
	Expr : Expr . GREATER_EQUAL Expr  (60)
	Expr : Expr . AND Expr  (61)
	Expr : Expr . OR Expr  (62)
	DefaultStmt : DEFAULT ':' Expr . ';'  (83)

	AND  shift 123
	OR  shift 124
	LESS_EQUAL  shift 125
	GREATER_EQUAL  shift 126
	EQUAL  shift 127
	NOT_EQUAL  shift 128
	'+'  shift 129
	'-'  shift 130
	'*'  shift 131
	'/'  shift 132
	'%'  shift 133
	'>'  shift 134
	'<'  shift 135
	'.'  shift 136
	';'  shift 219
	'['  shift 137
	.  error


state 218
	Receiver : Expr . '.'  (42)
	LValue : Expr . '[' Expr ']'  (45)
	Expr : Expr . '+' Expr  (50)
	Expr : Expr . '-' Expr  (51)
	Expr : Expr . '*' Expr  (52)
	Expr : Expr . '/' Expr  (53)
	Expr : Expr . '%' Expr  (54)
	Expr : Expr . EQUAL Expr  (55)
	Expr : Expr . NOT_EQUAL Expr  (56)
	Expr : Expr . '<' Expr  (57)
	Expr : Expr . '>' Expr  (58)
	Expr : Expr . LESS_EQUAL Expr  (59)
	Expr : Expr . GREATER_EQUAL Expr  (60)
	Expr : Expr . AND Expr  (61)
	Expr : Expr . OR Expr  (62)
	CaseStmt : Constant ':' Expr . ';'  (82)

	AND  shift 123
	OR  shift 124
	LESS_EQUAL  shift 125
	GREATER_EQUAL  shift 126
	EQUAL  shift 127
	NOT_EQUAL  shift 128
	'+'  shift 129
	'-'  shift 130
	'*'  shift 131
	'/'  shift 132
	'%'  shift 133
	'>'  shift 134
	'<'  shift 135
	'.'  shift 136
	';'  shift 220
	'['  shift 137
	.  error


state 219
	DefaultStmt : DEFAULT ':' Expr ';' .  (83)

	.  reduce 83


state 220
	CaseStmt : Constant ':' Expr ';' .  (82)

	.  reduce 82


65 terminals, 37 nonterminals
104 grammar rules, 221 states
